11:06:08 INFO  : Registering command handlers for SDK TCF services
11:06:08 INFO  : Launching XSCT server: xsct.bat -interactive C:\ERTS_Repo\Assignment_2\lab1\lab1.sdk\temp_xsdb_launch_script.tcl
11:06:11 INFO  : XSCT server has started successfully.
11:06:11 INFO  : Successfully done setting XSCT server connection channel  
11:06:19 INFO  : Successfully done setting SDK workspace  
11:06:19 INFO  : Processing command line option -hwspec C:/ERTS_Repo/Assignment_2/lab1/lab1.sdk/system_wrapper.hdf.
11:17:42 INFO  : Registering command handlers for SDK TCF services
11:17:42 INFO  : Launching XSCT server: xsct.bat -interactive C:\ERTS_Repo\Assignment_2\lab1\lab1.sdk\temp_xsdb_launch_script.tcl
11:17:45 INFO  : XSCT server has started successfully.
11:17:48 INFO  : Successfully done setting XSCT server connection channel  
11:17:48 INFO  : Processing command line option -hwspec C:/ERTS_Repo/Assignment_2/lab1/lab1.sdk/system_wrapper.hdf.
11:17:48 INFO  : Successfully done setting SDK workspace  
11:17:48 INFO  : Checking for hwspec changes in the project system_wrapper_hw_platform_0.
11:17:50 INFO  : SDK has detected change in the last modified timestamps for source hardware specification file Source:1569489383258,  Project:1569488669888
11:17:50 INFO  : The hardware specification for project 'system_wrapper_hw_platform_0' is different from C:/ERTS_Repo/Assignment_2/lab1/lab1.sdk/system_wrapper.hdf.
11:17:50 INFO  : Copied contents of C:/ERTS_Repo/Assignment_2/lab1/lab1.sdk/system_wrapper.hdf into \system_wrapper_hw_platform_0\system.hdf.
11:17:54 INFO  : Synchronizing projects in the workspace with the hardware platform specification changes.
11:17:57 INFO  : 
11:17:58 INFO  : Updating hardware inferred compiler options for lab1.
11:17:58 INFO  : Clearing existing target manager status.
11:19:48 INFO  : Refreshed build settings on project lab1
11:22:39 INFO  : Connected to target on host '127.0.0.1' and port '3121'.
11:22:39 INFO  : 'targets -set -filter {jtag_cable_name =~ "Digilent Zybo 210279A6A710A" && level==0} -index 1' command is executed.
11:22:41 INFO  : FPGA configured successfully with bitstream "C:/ERTS_Repo/Assignment_2/lab1/lab1.sdk/system_wrapper_hw_platform_0/system_wrapper.bit"
11:22:55 INFO  : ps7_init is completed.
11:22:55 INFO  : ps7_post_config is completed.
11:22:56 INFO  : Processor reset is completed for ps7_cortexa9_0
12:03:45 ERROR : Unexpected error while parsing XMD response ?: com.google.gson.JsonSyntaxException: com.google.gson.stream.MalformedJsonException: invalid number or unquoted string near 
