INFO: [HLS 200-10] Running 'C:/Xilinx/Vivado_HLS/2017.2/bin/unwrapped/win64.o/vivado_hls.exe'
INFO: [HLS 200-10] For user 'Rasmus' on host 'desktop-a2ubrf5' (Windows NT_amd64 version 6.2) on Fri Dec 27 22:55:48 +0100 2019
INFO: [HLS 200-10] In directory 'C:/ERTS_repo/Project/Xilinx_hls'
INFO: [HLS 200-10] Opening project 'C:/ERTS_repo/Project/Xilinx_hls/KimsNeoNet'.
INFO: [HLS 200-10] Opening solution 'C:/ERTS_repo/Project/Xilinx_hls/KimsNeoNet/solution1'.
INFO: [SYN 201-201] Setting up clock 'default' with a period of 8ns.
INFO: [HLS 200-10] Setting target device to 'xc7z010clg400-1'
INFO: [SIM 211-2] *************** CSIM start ***************
INFO: [SIM 211-4] CSIM will launch GCC as the compiler.
   Compiling ../../../../../../../Xilinx/Vivado_HLS/2017.2/examples/design/linear_algebra/matrix_multiply/matrix_multiply_tb.cpp in debug mode
In file included from C:/Xilinx/Vivado_HLS/2017.2/include/floating_point_v7_0_bitacc_cmodel.h:143:0,
                 from C:/Xilinx/Vivado_HLS/2017.2/include/hls_fpo.h:172,
                 from C:/Xilinx/Vivado_HLS/2017.2/include/hls_half.h:57,
                 from C:/Xilinx/Vivado_HLS/2017.2/include/ap_int.h:74,
                 from C:/Xilinx/Vivado_HLS/2017.2/include/ap_fixed.h:67,
                 from C:/Xilinx/Vivado_HLS/2017.2/include/hls/linear_algebra/hls_matrix_multiply.h:61,
                 from C:/Xilinx/Vivado_HLS/2017.2/include/hls_linear_algebra.h:43,
                 from ../../../../../../../Xilinx/Vivado_HLS/2017.2/examples/design/linear_algebra/matrix_multiply/matrix_multiply.h:35,
                 from ../../../../../../../Xilinx/Vivado_HLS/2017.2/examples/design/linear_algebra/matrix_multiply/matrix_multiply_tb.cpp:32:
C:/Xilinx/Vivado_HLS/2017.2/include/gmp.h:62:0: warning: "__GMP_LIBGMP_DLL" redefined [enabled by default]
C:/Xilinx/Vivado_HLS/2017.2/include/floating_point_v7_0_bitacc_cmodel.h:135:0: note: this is the location of the previous definition

cc1plus.exe: out of memory allocating 16008 bytes
make: *** [obj/matrix_multiply_tb.o] Error 1
ERROR: [SIM 211-100] 'csim_design' failed: compilation error(s).
INFO: [SIM 211-3] *************** CSIM finish ***************
4
    while executing
"source C:/ERTS_repo/Project/Xilinx_hls/KimsNeoNet/solution1/csim.tcl"
    invoked from within
"hls::main C:/ERTS_repo/Project/Xilinx_hls/KimsNeoNet/solution1/csim.tcl"
    ("uplevel" body line 1)
    invoked from within
"uplevel 1 hls::main {*}$args"
    (procedure "hls_proc" line 5)
    invoked from within
"hls_proc $argv"
