Unable to capture context for thread 11132 in process 616, can not generate back trace
Unable to capture context for thread 14472 in process 616, can not generate back trace
Exception at PC 0x00007FF932FDBB93
Printing stacktrace...

[0]  [0x00007FF932FDBB93]
[1]  [0x00007FF932FDBB93]
[2]  [0x00007FF932FDB4A1]
[3]  [0x00007FF932FDB3EF]
[4]  [0x00007FF932FC19FE]
[5]  [0x00007FF932FC0ED1]
[6]  [0x00007FF932FC0D76]
[7]  [0x00007FF932F679F6]
[8]  [0x00007FF932F57AFB]
[9]  [0x00007FF93307E90A]
[10]  [0x00007FF933099F87]
[11]  [0x00007FF93309A05F]
[12] (BaseThreadInitThunk+0x14) [0x00007FF99B6F7BD4]
[13] (RtlUserThreadStart+0x21) [0x00007FF99CEACEE1]
Done
Exception at PC 0x00007FF932CE1A52
Attemped to write at address 0x00007FF958ECABA4
Printing stacktrace...

[0]  [0x00007FF932CE1A52]
[1]  [0x00007FF932CE1A52]
[2]  [0x00007FF932CE1AD4]
[3]  [0x00007FF932E23FF7]
[4]  [0x00007FF932D09128]
[5]  [0x00007FF932FBDFB9]
[6]  [0x00007FF93318EF23]
[7]  [0x00007FF93309B06B]
[8]  [0x00007FF9330908AF]
[9]  [0x00007FF933090A32]
[10] (RtlActivateActivationContextUnsafeFast+0x121) [0x00007FF99CE650A1]
[11] (LdrShutdownProcess+0x132) [0x00007FF99CEAAB12]
[12] (RtlExitUserProcess+0xad) [0x00007FF99CEAA9BD]
[13] (ExitProcess+0xa) [0x00007FF99B6FCD8A]
[14] (exit+0x85) [0x00007FF99AF3A245]
[15] (initterm_e+0x245) [0x00007FF99AF3A8B5]
[16]  [0x00000000004014CD]
[17]  [0x000000000040151B]
[18] (BaseThreadInitThunk+0x14) [0x00007FF99B6F7BD4]
[19] (RtlUserThreadStart+0x21) [0x00007FF99CEACEE1]
Done
