Unable to capture context for thread 10616 in process 11484, can not generate back trace
Unable to capture context for thread 11276 in process 11484, can not generate back trace
Unable to capture context for thread 10320 in process 11484, can not generate back trace
Exception at PC 0x00007FFAE264BB93
Printing stacktrace...

[0]  [0x00007FFAE264BB93]
[1]  [0x00007FFAE264BB93]
[2]  [0x00007FFAE264B4A1]
[3]  [0x00007FFAE264B3EF]
[4]  [0x00007FFAE26319FE]
[5]  [0x00007FFAE2630ED1]
[6]  [0x00007FFAE2630D76]
[7]  [0x00007FFAE25D79F6]
[8]  [0x00007FFAE25C7AFB]
[9]  [0x00007FFAE26EE90A]
[10]  [0x00007FFAE2709F87]
[11]  [0x00007FFAE270A05F]
[12] (BaseThreadInitThunk+0x14) [0x00007FFB73697BD4]
[13] (RtlUserThreadStart+0x21) [0x00007FFB7550CED1]
Done
Exception at PC 0x00007FFAE2351A52
Attemped to write at address 0x00007FFB2C41ABA4
Printing stacktrace...

[0]  [0x00007FFAE2351A52]
[1]  [0x00007FFAE2351A52]
[2]  [0x00007FFAE2351AD4]
[3]  [0x00007FFAE2493FF7]
[4]  [0x00007FFAE2379128]
[5]  [0x00007FFAE262DFB9]
[6]  [0x00007FFAE27FEF23]
[7]  [0x00007FFAE270B06B]
[8]  [0x00007FFAE27008AF]
[9]  [0x00007FFAE2700A32]
[10] (RtlActivateActivationContextUnsafeFast+0x121) [0x00007FFB754C50A1]
[11] (LdrShutdownProcess+0x132) [0x00007FFB7550AB02]
[12] (RtlExitUserProcess+0xad) [0x00007FFB7550A9AD]
[13] (ExitProcess+0xa) [0x00007FFB7369CD8A]
[14] (exit+0x85) [0x00007FFB73A0A245]
[15] (initterm_e+0x245) [0x00007FFB73A0A8B5]
[16]  [0x00000000004014CD]
[17]  [0x000000000040151B]
[18] (BaseThreadInitThunk+0x14) [0x00007FFB73697BD4]
[19] (RtlUserThreadStart+0x21) [0x00007FFB7550CED1]
Done
