#-----------------------------------------------------------
# Vivado v2017.2 (64-bit)
# SW Build 1909853 on Thu Jun 15 18:39:09 MDT 2017
# IP Build 1909766 on Thu Jun 15 19:58:00 MDT 2017
# Start of session at: Wed Dec 25 13:52:51 2019
# Process ID: 12760
# Current directory: C:/ERTS_repo/Assignment_2/lab3
# Command line: vivado.exe -gui_launcher_event rodinguilauncherevent11360 C:\ERTS_repo\Assignment_2\lab3\lab3.xpr
# Log file: C:/ERTS_repo/Assignment_2/lab3/vivado.log
# Journal file: C:/ERTS_repo/Assignment_2/lab3\vivado.jou
#-----------------------------------------------------------
start_gui
open_project C:/ERTS_repo/Assignment_2/lab3/lab3.xpr
Scanning sources...
Finished scanning sources
INFO: [IP_Flow 19-234] Refreshing IP repositories
INFO: [IP_Flow 19-1700] Loaded user IP repository 'c:/ERTS_repo/Assignment_2/led_ip_1.0'.
INFO: [IP_Flow 19-1700] Loaded user IP repository 'c:/ERTS_repo/Assignment_2/Assignment_2_Kim/matrix_ip_1.0'.
INFO: [IP_Flow 19-2313] Loaded Vivado IP repository 'C:/Xilinx/Vivado/2017.2/data/ip'.
WARNING: [IP_Flow 19-3664] IP 'system_processing_system7_0_0' generated file not found 'c:/ERTS_repo/Assignment_2/lab3/lab3.srcs/sources_1/bd/system/ip/system_processing_system7_0_0/sim/libps7.so'. Please regenerate to continue.
WARNING: [IP_Flow 19-3664] IP 'system_processing_system7_0_0' generated file not found 'c:/ERTS_repo/Assignment_2/lab3/lab3.srcs/sources_1/bd/system/ip/system_processing_system7_0_0/sim/libps7.dll'. Please regenerate to continue.
WARNING: [IP_Flow 19-3664] IP 'system_processing_system7_0_0' generated file not found 'c:/ERTS_repo/Assignment_2/lab3/lab3.srcs/sources_1/bd/system/ip/system_processing_system7_0_0/sim/libremoteport.so'. Please regenerate to continue.
WARNING: [IP_Flow 19-3664] IP 'system_processing_system7_0_0' generated file not found 'c:/ERTS_repo/Assignment_2/lab3/lab3.srcs/sources_1/bd/system/ip/system_processing_system7_0_0/sim/libremoteport.dll'. Please regenerate to continue.
open_project: Time (s): cpu = 00:00:18 ; elapsed = 00:00:13 . Memory (MB): peak = 778.742 ; gain = 66.570
update_compile_order -fileset sources_1
exit
INFO: [Common 17-206] Exiting Vivado at Fri Dec 27 12:22:45 2019...
