#-----------------------------------------------------------
# Vivado v2017.2 (64-bit)
# SW Build 1909853 on Thu Jun 15 18:39:09 MDT 2017
# IP Build 1909766 on Thu Jun 15 19:58:00 MDT 2017
# Start of session at: Mon Oct  7 13:46:00 2019
# Process ID: 9016
# Current directory: C:/ERTS_Repo/Assignment_2/lab3
# Command line: vivado.exe -gui_launcher_event rodinguilauncherevent16852 C:\ERTS_Repo\Assignment_2\lab3\lab3.xpr
# Log file: C:/ERTS_Repo/Assignment_2/lab3/vivado.log
# Journal file: C:/ERTS_Repo/Assignment_2/lab3\vivado.jou
#-----------------------------------------------------------
start_gui
open_project C:/ERTS_Repo/Assignment_2/lab3/lab3.xpr
Scanning sources...
Finished scanning sources
INFO: [IP_Flow 19-234] Refreshing IP repositories
INFO: [IP_Flow 19-1700] Loaded user IP repository 'c:/ERTS_Repo/Assignment_2/led_ip_1.0'.
INFO: [IP_Flow 19-1700] Loaded user IP repository 'c:/ERTS_Repo/Assignment_2/Assignment_2_Kim/matrix_ip_1.0'.
INFO: [IP_Flow 19-2313] Loaded Vivado IP repository 'C:/Xilinx/Vivado/2017.2/data/ip'.
open_project: Time (s): cpu = 00:00:20 ; elapsed = 00:00:13 . Memory (MB): peak = 818.578 ; gain = 117.680
update_compile_order -fileset sources_1
launch_sdk -workspace C:/ERTS_Repo/Assignment_2/lab3/lab3.sdk -hwspec C:/ERTS_Repo/Assignment_2/lab3/lab3.sdk/system_wrapper.hdf
INFO: [Vivado 12-393] Launching SDK...
INFO: [Vivado 12-417] Running xsdk -workspace C:/ERTS_Repo/Assignment_2/lab3/lab3.sdk -hwspec C:/ERTS_Repo/Assignment_2/lab3/lab3.sdk/system_wrapper.hdf
INFO: [Vivado 12-3157] SDK launch initiated. Please check console for any further messages.
exit
INFO: [Common 17-206] Exiting Vivado at Mon Oct  7 13:51:48 2019...
