#-----------------------------------------------------------
# Vivado v2017.2 (64-bit)
# SW Build 1909853 on Thu Jun 15 18:39:09 MDT 2017
# IP Build 1909766 on Thu Jun 15 19:58:00 MDT 2017
# Start of session at: Tue Dec 24 14:15:12 2019
# Process ID: 2676
# Current directory: C:/ERTS_repo/Assignment_2/lab3
# Command line: vivado.exe -gui_launcher_event rodinguilauncherevent14328 C:\ERTS_repo\Assignment_2\lab3\lab3.xpr
# Log file: C:/ERTS_repo/Assignment_2/lab3/vivado.log
# Journal file: C:/ERTS_repo/Assignment_2/lab3\vivado.jou
#-----------------------------------------------------------
start_gui
open_project C:/ERTS_repo/Assignment_2/lab3/lab3.xpr
Scanning sources...
Finished scanning sources
INFO: [IP_Flow 19-234] Refreshing IP repositories
INFO: [IP_Flow 19-1700] Loaded user IP repository 'c:/ERTS_repo/Assignment_2/led_ip_1.0'.
INFO: [IP_Flow 19-1700] Loaded user IP repository 'c:/ERTS_repo/Assignment_2/Assignment_2_Kim/matrix_ip_1.0'.
INFO: [IP_Flow 19-2313] Loaded Vivado IP repository 'C:/Xilinx/Vivado/2017.2/data/ip'.
WARNING: [IP_Flow 19-3664] IP 'system_processing_system7_0_0' generated file not found 'c:/ERTS_repo/Assignment_2/lab3/lab3.srcs/sources_1/bd/system/ip/system_processing_system7_0_0/sim/libps7.so'. Please regenerate to continue.
WARNING: [IP_Flow 19-3664] IP 'system_processing_system7_0_0' generated file not found 'c:/ERTS_repo/Assignment_2/lab3/lab3.srcs/sources_1/bd/system/ip/system_processing_system7_0_0/sim/libps7.dll'. Please regenerate to continue.
WARNING: [IP_Flow 19-3664] IP 'system_processing_system7_0_0' generated file not found 'c:/ERTS_repo/Assignment_2/lab3/lab3.srcs/sources_1/bd/system/ip/system_processing_system7_0_0/sim/libremoteport.so'. Please regenerate to continue.
WARNING: [IP_Flow 19-3664] IP 'system_processing_system7_0_0' generated file not found 'c:/ERTS_repo/Assignment_2/lab3/lab3.srcs/sources_1/bd/system/ip/system_processing_system7_0_0/sim/libremoteport.dll'. Please regenerate to continue.
open_project: Time (s): cpu = 00:00:20 ; elapsed = 00:00:11 . Memory (MB): peak = 835.332 ; gain = 150.512
update_compile_order -fileset sources_1
open_bd_design {C:/ERTS_repo/Assignment_2/lab3/lab3.srcs/sources_1/bd/system/system.bd}
Adding cell -- xilinx.com:ip:axi_gpio:2.0 - buttons
Adding cell -- xilinx.com:ip:axi_gpio:2.0 - switches
Adding cell -- xilinx.com:ip:processing_system7:5.5 - processing_system7_0
Adding cell -- xilinx.com:ip:proc_sys_reset:5.0 - rst_processing_system7_0_50M
Adding cell -- xilinx.com:user:led_ip:1.0 - led_ip
Adding cell -- xilinx.com:ip:axi_bram_ctrl:4.0 - axi_bram_ctrl_0
Adding cell -- xilinx.com:ip:blk_mem_gen:8.3 - axi_bram_ctrl_0_bram
Adding cell -- xilinx.com:user:matrix_ip:1.0 - matrix_ip_0
Adding cell -- xilinx.com:ip:axi_crossbar:2.1 - xbar
Adding cell -- xilinx.com:ip:axi_protocol_converter:2.1 - auto_pc
Adding cell -- xilinx.com:ip:axi_protocol_converter:2.1 - auto_pc
Adding cell -- xilinx.com:ip:axi_protocol_converter:2.1 - auto_pc
Adding cell -- xilinx.com:ip:axi_protocol_converter:2.1 - auto_pc
Adding cell -- xilinx.com:ip:axi_protocol_converter:2.1 - auto_pc
Successfully read diagram <system> from BD file <C:/ERTS_repo/Assignment_2/lab3/lab3.srcs/sources_1/bd/system/system.bd>
open_bd_design: Time (s): cpu = 00:00:12 ; elapsed = 00:00:12 . Memory (MB): peak = 878.766 ; gain = 43.434
exit
INFO: [Common 17-206] Exiting Vivado at Wed Dec 25 13:41:11 2019...
