#-----------------------------------------------------------
# Vivado v2017.2 (64-bit)
# SW Build 1909853 on Thu Jun 15 18:39:09 MDT 2017
# IP Build 1909766 on Thu Jun 15 19:58:00 MDT 2017
# Start of session at: Mon Dec 30 21:23:50 2019
# Process ID: 29416
# Current directory: C:/ERTS_repo/Assignment_2/lab1
# Command line: vivado.exe -gui_launcher_event rodinguilauncherevent29076 C:\ERTS_repo\Assignment_2\lab1\lab1.xpr
# Log file: C:/ERTS_repo/Assignment_2/lab1/vivado.log
# Journal file: C:/ERTS_repo/Assignment_2/lab1\vivado.jou
#-----------------------------------------------------------
start_gui
open_project C:/ERTS_repo/Assignment_2/lab1/lab1.xpr
Scanning sources...
Finished scanning sources
WARNING: [filemgmt 56-3] IPUserFilesDir: Could not find the directory 'C:/ERTS_repo/Assignment_2/lab1/lab1.ip_user_files'.
INFO: [IP_Flow 19-234] Refreshing IP repositories
INFO: [IP_Flow 19-1704] No user IP repositories specified
INFO: [IP_Flow 19-2313] Loaded Vivado IP repository 'C:/Xilinx/Vivado/2017.2/data/ip'.
WARNING: [IP_Flow 19-3664] IP 'system_processing_system7_0_0' generated file not found 'c:/ERTS_repo/Assignment_2/lab1/lab1.srcs/sources_1/bd/system/ip/system_processing_system7_0_0/sim/libps7.so'. Please regenerate to continue.
WARNING: [IP_Flow 19-3664] IP 'system_processing_system7_0_0' generated file not found 'c:/ERTS_repo/Assignment_2/lab1/lab1.srcs/sources_1/bd/system/ip/system_processing_system7_0_0/sim/libps7.dll'. Please regenerate to continue.
WARNING: [IP_Flow 19-3664] IP 'system_processing_system7_0_0' generated file not found 'c:/ERTS_repo/Assignment_2/lab1/lab1.srcs/sources_1/bd/system/ip/system_processing_system7_0_0/sim/libremoteport.so'. Please regenerate to continue.
WARNING: [IP_Flow 19-3664] IP 'system_processing_system7_0_0' generated file not found 'c:/ERTS_repo/Assignment_2/lab1/lab1.srcs/sources_1/bd/system/ip/system_processing_system7_0_0/sim/libremoteport.dll'. Please regenerate to continue.
open_project: Time (s): cpu = 00:00:21 ; elapsed = 00:00:19 . Memory (MB): peak = 781.895 ; gain = 76.559
update_compile_order -fileset sources_1
INFO: [Vivado 12-4158] Exported Hardware file is out of date. Exported hardware information may be inconsistent with respect to the current state of the design. It is recommended that you re-export the design and launch SDK otherwise SDK is launched with out of date hardware system file.
launch_sdk -workspace C:/ERTS_repo/Assignment_2/lab1/lab1.sdk -hwspec C:/ERTS_repo/Assignment_2/lab1/lab1.sdk/system_wrapper.hdf
INFO: [Vivado 12-393] Launching SDK...
INFO: [Vivado 12-417] Running xsdk -workspace C:/ERTS_repo/Assignment_2/lab1/lab1.sdk -hwspec C:/ERTS_repo/Assignment_2/lab1/lab1.sdk/system_wrapper.hdf
INFO: [Vivado 12-3157] SDK launch initiated. Please check console for any further messages.
exit
INFO: [Common 17-206] Exiting Vivado at Mon Dec 30 21:28:01 2019...
