17:06:11 INFO  : Registering command handlers for SDK TCF services
17:06:11 INFO  : Launching XSCT server: xsct.bat -interactive C:\ERTS_Repo\Assignment_2\vivado_2_7\vivado_2_7.sdk\temp_xsdb_launch_script.tcl
17:06:22 INFO  : XSCT server has started successfully.
17:06:22 INFO  : Successfully done setting XSCT server connection channel  
17:06:44 INFO  : Processing command line option -hwspec C:/ERTS_Repo/Assignment_2/vivado_2_7/vivado_2_7.sdk/system_wrapper.hdf.
17:06:44 INFO  : Successfully done setting SDK workspace  
17:28:18 INFO  : System reset is completed.
17:28:21 INFO  : FPGA configured successfully with bitstream "C:/ERTS_Repo/Assignment_2/vivado_2_7/vivado_2_7.sdk/system_wrapper_hw_platform_0/system_wrapper.bit"
17:28:25 INFO  : ps7_init is completed.
17:28:25 INFO  : ps7_post_config is completed.
17:30:07 INFO  : ps7_cortexa9_0 Processor is in use. Please stop existing Run or Debug sessions before launching.
17:30:11 INFO  : System reset is completed.
17:30:13 INFO  : FPGA configured successfully with bitstream "C:/ERTS_Repo/Assignment_2/vivado_2_7/vivado_2_7.sdk/system_wrapper_hw_platform_0/system_wrapper.bit"
17:30:14 INFO  : ps7_init is completed.
17:30:14 INFO  : ps7_post_config is completed.
17:36:28 INFO  : ps7_cortexa9_0 Processor is in use. Please stop existing Run or Debug sessions before launching.
17:36:32 INFO  : System reset is completed.
17:36:35 INFO  : FPGA configured successfully with bitstream "C:/ERTS_Repo/Assignment_2/vivado_2_7/vivado_2_7.sdk/system_wrapper_hw_platform_0/system_wrapper.bit"
17:36:36 INFO  : ps7_init is completed.
17:36:36 INFO  : ps7_post_config is completed.
17:37:18 INFO  : ps7_cortexa9_0 Processor is in use. Please stop existing Run or Debug sessions before launching.
17:37:22 INFO  : System reset is completed.
17:37:25 INFO  : FPGA configured successfully with bitstream "C:/ERTS_Repo/Assignment_2/vivado_2_7/vivado_2_7.sdk/system_wrapper_hw_platform_0/system_wrapper.bit"
17:37:26 INFO  : ps7_init is completed.
17:37:26 INFO  : ps7_post_config is completed.
17:37:56 INFO  : ps7_cortexa9_0 Processor is in use. Please stop existing Run or Debug sessions before launching.
17:37:58 INFO  : System reset is completed.
17:38:00 INFO  : FPGA configured successfully with bitstream "C:/ERTS_Repo/Assignment_2/vivado_2_7/vivado_2_7.sdk/system_wrapper_hw_platform_0/system_wrapper.bit"
17:38:02 INFO  : ps7_init is completed.
17:38:02 INFO  : ps7_post_config is completed.
17:38:28 INFO  : System reset is completed.
17:38:31 INFO  : FPGA configured successfully with bitstream "C:/ERTS_Repo/Assignment_2/vivado_2_7/vivado_2_7.sdk/system_wrapper_hw_platform_0/system_wrapper.bit"
17:38:33 INFO  : ps7_init is completed.
17:38:33 INFO  : ps7_post_config is completed.
17:38:46 INFO  : ps7_cortexa9_0 Processor is in use. Please stop existing Run or Debug sessions before launching.
17:38:50 INFO  : System reset is completed.
17:38:52 INFO  : FPGA configured successfully with bitstream "C:/ERTS_Repo/Assignment_2/vivado_2_7/vivado_2_7.sdk/system_wrapper_hw_platform_0/system_wrapper.bit"
17:38:53 INFO  : ps7_init is completed.
17:38:54 INFO  : ps7_post_config is completed.
17:39:13 INFO  : ps7_cortexa9_0 Processor is in use. Please stop existing Run or Debug sessions before launching.
17:39:15 INFO  : System reset is completed.
17:39:18 INFO  : FPGA configured successfully with bitstream "C:/ERTS_Repo/Assignment_2/vivado_2_7/vivado_2_7.sdk/system_wrapper_hw_platform_0/system_wrapper.bit"
17:39:19 INFO  : ps7_init is completed.
17:39:19 INFO  : ps7_post_config is completed.
17:39:36 INFO  : ps7_cortexa9_0 Processor is in use. Please stop existing Run or Debug sessions before launching.
17:39:40 INFO  : System reset is completed.
17:39:43 INFO  : FPGA configured successfully with bitstream "C:/ERTS_Repo/Assignment_2/vivado_2_7/vivado_2_7.sdk/system_wrapper_hw_platform_0/system_wrapper.bit"
17:39:44 INFO  : ps7_init is completed.
17:39:44 INFO  : ps7_post_config is completed.
18:17:03 INFO  : System reset is completed.
18:17:04 INFO  : FPGA configured successfully with bitstream "C:/ERTS_Repo/Assignment_2/vivado_2_7/vivado_2_7.sdk/system_wrapper_hw_platform_0/system_wrapper.bit"
18:17:06 INFO  : ps7_init is completed.
18:17:06 INFO  : ps7_post_config is completed.
18:17:06 ERROR : Port COM4 is already in use.
18:17:48 INFO  : ps7_cortexa9_0 Processor is in use. Please stop existing Run or Debug sessions before launching.
18:17:54 INFO  : System reset is completed.
18:17:56 INFO  : FPGA configured successfully with bitstream "C:/ERTS_Repo/Assignment_2/vivado_2_7/vivado_2_7.sdk/system_wrapper_hw_platform_0/system_wrapper.bit"
18:17:56 INFO  : ps7_init is completed.
18:17:56 INFO  : ps7_post_config is completed.
18:18:24 INFO  : ps7_cortexa9_0 Processor is in use. Please stop existing Run or Debug sessions before launching.
18:18:27 INFO  : System reset is completed.
18:18:29 INFO  : FPGA configured successfully with bitstream "C:/ERTS_Repo/Assignment_2/vivado_2_7/vivado_2_7.sdk/system_wrapper_hw_platform_0/system_wrapper.bit"
18:18:30 INFO  : ps7_init is completed.
18:18:30 INFO  : ps7_post_config is completed.
18:19:28 INFO  : System reset is completed.
18:19:29 INFO  : FPGA configured successfully with bitstream "C:/ERTS_Repo/Assignment_2/vivado_2_7/vivado_2_7.sdk/system_wrapper_hw_platform_0/system_wrapper.bit"
18:19:31 INFO  : ps7_init is completed.
18:19:31 INFO  : ps7_post_config is completed.
10:10:38 ERROR : Unexpected error while parsing XMD response ?: com.google.gson.JsonSyntaxException: com.google.gson.stream.MalformedJsonException: invalid number or unquoted string near 
12:37:31 INFO  : Registering command handlers for SDK TCF services
12:37:31 INFO  : Launching XSCT server: xsct.bat -interactive C:\ERTS_Repo\Assignment_2\vivado_2_7\vivado_2_7.sdk\temp_xsdb_launch_script.tcl
12:37:37 INFO  : XSCT server has started successfully.
12:37:49 INFO  : Processing command line option -hwspec C:/ERTS_Repo/Assignment_2/vivado_2_7/vivado_2_7.sdk/system_wrapper.hdf.
12:37:49 INFO  : Successfully done setting XSCT server connection channel  
12:37:49 INFO  : Successfully done setting SDK workspace  
12:37:49 INFO  : Checking for hwspec changes in the project system_wrapper_hw_platform_0.
13:36:51 INFO  : System reset is completed.
13:36:53 INFO  : FPGA configured successfully with bitstream "C:/ERTS_Repo/Assignment_2/vivado_2_7/vivado_2_7.sdk/system_wrapper_hw_platform_0/system_wrapper.bit"
13:36:54 INFO  : ps7_init is completed.
13:36:54 INFO  : ps7_post_config is completed.
13:37:41 INFO  : ps7_cortexa9_0 Processor is in use. Please stop existing Run or Debug sessions before launching.
13:37:43 INFO  : System reset is completed.
13:37:45 INFO  : FPGA configured successfully with bitstream "C:/ERTS_Repo/Assignment_2/vivado_2_7/vivado_2_7.sdk/system_wrapper_hw_platform_0/system_wrapper.bit"
13:37:45 INFO  : ps7_init is completed.
13:37:45 INFO  : ps7_post_config is completed.
13:45:51 ERROR : Unexpected error while parsing XMD response ?: com.google.gson.JsonSyntaxException: com.google.gson.stream.MalformedJsonException: invalid number or unquoted string near 
