
*** Running vivado
    with args -log system_xbar_0.vds -m64 -product Vivado -mode batch -messageDb vivado.pb -notrace -source system_xbar_0.tcl


****** Vivado v2017.2 (64-bit)
  **** SW Build 1909853 on Thu Jun 15 18:39:09 MDT 2017
  **** IP Build 1909766 on Thu Jun 15 19:58:00 MDT 2017
    ** Copyright 1986-2017 Xilinx, Inc. All Rights Reserved.

source system_xbar_0.tcl -notrace
Starting RTL Elaboration : Time (s): cpu = 00:00:12 ; elapsed = 00:00:18 . Memory (MB): peak = 321.172 ; gain = 82.023
INFO: [Synth 8-638] synthesizing module 'system_xbar_0' [c:/ERTS_repo/Project/Xilinx/ML_MNIST/ML_MNIST.srcs/sources_1/bd/system/ip/system_xbar_0/synth/system_xbar_0.v:59]
INFO: [Synth 8-638] synthesizing module 'axi_crossbar_v2_1_14_axi_crossbar' [c:/ERTS_repo/Project/Xilinx/ML_MNIST/ML_MNIST.srcs/sources_1/bd/system/ipshared/f582/hdl/axi_crossbar_v2_1_vl_rfs.v:4882]
INFO: [Synth 8-638] synthesizing module 'axi_crossbar_v2_1_14_crossbar_sasd' [c:/ERTS_repo/Project/Xilinx/ML_MNIST/ML_MNIST.srcs/sources_1/bd/system/ipshared/f582/hdl/axi_crossbar_v2_1_vl_rfs.v:1240]
INFO: [Synth 8-638] synthesizing module 'axi_crossbar_v2_1_14_addr_decoder' [c:/ERTS_repo/Project/Xilinx/ML_MNIST/ML_MNIST.srcs/sources_1/bd/system/ipshared/f582/hdl/axi_crossbar_v2_1_vl_rfs.v:794]
INFO: [Synth 8-638] synthesizing module 'generic_baseblocks_v2_1_0_comparator_static' [c:/ERTS_repo/Project/Xilinx/ML_MNIST/ML_MNIST.srcs/sources_1/bd/system/ipshared/f9c1/hdl/generic_baseblocks_v2_1_vl_rfs.v:2133]
INFO: [Synth 8-638] synthesizing module 'generic_baseblocks_v2_1_0_carry_and' [c:/ERTS_repo/Project/Xilinx/ML_MNIST/ML_MNIST.srcs/sources_1/bd/system/ipshared/f9c1/hdl/generic_baseblocks_v2_1_vl_rfs.v:62]
INFO: [Synth 8-256] done synthesizing module 'generic_baseblocks_v2_1_0_carry_and' (1#1) [c:/ERTS_repo/Project/Xilinx/ML_MNIST/ML_MNIST.srcs/sources_1/bd/system/ipshared/f9c1/hdl/generic_baseblocks_v2_1_vl_rfs.v:62]
INFO: [Synth 8-256] done synthesizing module 'generic_baseblocks_v2_1_0_comparator_static' (2#1) [c:/ERTS_repo/Project/Xilinx/ML_MNIST/ML_MNIST.srcs/sources_1/bd/system/ipshared/f9c1/hdl/generic_baseblocks_v2_1_vl_rfs.v:2133]
INFO: [Synth 8-638] synthesizing module 'generic_baseblocks_v2_1_0_comparator_static__parameterized0' [c:/ERTS_repo/Project/Xilinx/ML_MNIST/ML_MNIST.srcs/sources_1/bd/system/ipshared/f9c1/hdl/generic_baseblocks_v2_1_vl_rfs.v:2133]
INFO: [Synth 8-256] done synthesizing module 'generic_baseblocks_v2_1_0_comparator_static__parameterized0' (2#1) [c:/ERTS_repo/Project/Xilinx/ML_MNIST/ML_MNIST.srcs/sources_1/bd/system/ipshared/f9c1/hdl/generic_baseblocks_v2_1_vl_rfs.v:2133]
INFO: [Synth 8-638] synthesizing module 'generic_baseblocks_v2_1_0_comparator_static__parameterized1' [c:/ERTS_repo/Project/Xilinx/ML_MNIST/ML_MNIST.srcs/sources_1/bd/system/ipshared/f9c1/hdl/generic_baseblocks_v2_1_vl_rfs.v:2133]
INFO: [Synth 8-256] done synthesizing module 'generic_baseblocks_v2_1_0_comparator_static__parameterized1' (2#1) [c:/ERTS_repo/Project/Xilinx/ML_MNIST/ML_MNIST.srcs/sources_1/bd/system/ipshared/f9c1/hdl/generic_baseblocks_v2_1_vl_rfs.v:2133]
INFO: [Synth 8-256] done synthesizing module 'axi_crossbar_v2_1_14_addr_decoder' (3#1) [c:/ERTS_repo/Project/Xilinx/ML_MNIST/ML_MNIST.srcs/sources_1/bd/system/ipshared/f582/hdl/axi_crossbar_v2_1_vl_rfs.v:794]
INFO: [Synth 8-638] synthesizing module 'axi_crossbar_v2_1_14_decerr_slave' [c:/ERTS_repo/Project/Xilinx/ML_MNIST/ML_MNIST.srcs/sources_1/bd/system/ipshared/f582/hdl/axi_crossbar_v2_1_vl_rfs.v:3500]
INFO: [Synth 8-256] done synthesizing module 'axi_crossbar_v2_1_14_decerr_slave' (4#1) [c:/ERTS_repo/Project/Xilinx/ML_MNIST/ML_MNIST.srcs/sources_1/bd/system/ipshared/f582/hdl/axi_crossbar_v2_1_vl_rfs.v:3500]
INFO: [Synth 8-638] synthesizing module 'axi_crossbar_v2_1_14_addr_arbiter_sasd' [c:/ERTS_repo/Project/Xilinx/ML_MNIST/ML_MNIST.srcs/sources_1/bd/system/ipshared/f582/hdl/axi_crossbar_v2_1_vl_rfs.v:65]
INFO: [Synth 8-256] done synthesizing module 'axi_crossbar_v2_1_14_addr_arbiter_sasd' (5#1) [c:/ERTS_repo/Project/Xilinx/ML_MNIST/ML_MNIST.srcs/sources_1/bd/system/ipshared/f582/hdl/axi_crossbar_v2_1_vl_rfs.v:65]
INFO: [Synth 8-638] synthesizing module 'axi_crossbar_v2_1_14_splitter' [c:/ERTS_repo/Project/Xilinx/ML_MNIST/ML_MNIST.srcs/sources_1/bd/system/ipshared/f582/hdl/axi_crossbar_v2_1_vl_rfs.v:4459]
INFO: [Synth 8-256] done synthesizing module 'axi_crossbar_v2_1_14_splitter' (6#1) [c:/ERTS_repo/Project/Xilinx/ML_MNIST/ML_MNIST.srcs/sources_1/bd/system/ipshared/f582/hdl/axi_crossbar_v2_1_vl_rfs.v:4459]
INFO: [Synth 8-638] synthesizing module 'axi_crossbar_v2_1_14_splitter__parameterized0' [c:/ERTS_repo/Project/Xilinx/ML_MNIST/ML_MNIST.srcs/sources_1/bd/system/ipshared/f582/hdl/axi_crossbar_v2_1_vl_rfs.v:4459]
INFO: [Synth 8-256] done synthesizing module 'axi_crossbar_v2_1_14_splitter__parameterized0' (6#1) [c:/ERTS_repo/Project/Xilinx/ML_MNIST/ML_MNIST.srcs/sources_1/bd/system/ipshared/f582/hdl/axi_crossbar_v2_1_vl_rfs.v:4459]
INFO: [Synth 8-638] synthesizing module 'generic_baseblocks_v2_1_0_mux_enc' [c:/ERTS_repo/Project/Xilinx/ML_MNIST/ML_MNIST.srcs/sources_1/bd/system/ipshared/f9c1/hdl/generic_baseblocks_v2_1_vl_rfs.v:2452]
INFO: [Synth 8-256] done synthesizing module 'generic_baseblocks_v2_1_0_mux_enc' (7#1) [c:/ERTS_repo/Project/Xilinx/ML_MNIST/ML_MNIST.srcs/sources_1/bd/system/ipshared/f9c1/hdl/generic_baseblocks_v2_1_vl_rfs.v:2452]
INFO: [Synth 8-638] synthesizing module 'generic_baseblocks_v2_1_0_mux_enc__parameterized0' [c:/ERTS_repo/Project/Xilinx/ML_MNIST/ML_MNIST.srcs/sources_1/bd/system/ipshared/f9c1/hdl/generic_baseblocks_v2_1_vl_rfs.v:2452]
INFO: [Synth 8-256] done synthesizing module 'generic_baseblocks_v2_1_0_mux_enc__parameterized0' (7#1) [c:/ERTS_repo/Project/Xilinx/ML_MNIST/ML_MNIST.srcs/sources_1/bd/system/ipshared/f9c1/hdl/generic_baseblocks_v2_1_vl_rfs.v:2452]
INFO: [Synth 8-638] synthesizing module 'generic_baseblocks_v2_1_0_mux_enc__parameterized1' [c:/ERTS_repo/Project/Xilinx/ML_MNIST/ML_MNIST.srcs/sources_1/bd/system/ipshared/f9c1/hdl/generic_baseblocks_v2_1_vl_rfs.v:2452]
INFO: [Synth 8-256] done synthesizing module 'generic_baseblocks_v2_1_0_mux_enc__parameterized1' (7#1) [c:/ERTS_repo/Project/Xilinx/ML_MNIST/ML_MNIST.srcs/sources_1/bd/system/ipshared/f9c1/hdl/generic_baseblocks_v2_1_vl_rfs.v:2452]
INFO: [Synth 8-638] synthesizing module 'axi_register_slice_v2_1_13_axic_register_slice' [c:/ERTS_repo/Project/Xilinx/ML_MNIST/ML_MNIST.srcs/sources_1/bd/system/ipshared/55c0/hdl/axi_register_slice_v2_1_vl_rfs.v:85]
INFO: [Synth 8-256] done synthesizing module 'axi_register_slice_v2_1_13_axic_register_slice' (8#1) [c:/ERTS_repo/Project/Xilinx/ML_MNIST/ML_MNIST.srcs/sources_1/bd/system/ipshared/55c0/hdl/axi_register_slice_v2_1_vl_rfs.v:85]
INFO: [Synth 8-638] synthesizing module 'generic_baseblocks_v2_1_0_mux_enc__parameterized2' [c:/ERTS_repo/Project/Xilinx/ML_MNIST/ML_MNIST.srcs/sources_1/bd/system/ipshared/f9c1/hdl/generic_baseblocks_v2_1_vl_rfs.v:2452]
INFO: [Synth 8-256] done synthesizing module 'generic_baseblocks_v2_1_0_mux_enc__parameterized2' (8#1) [c:/ERTS_repo/Project/Xilinx/ML_MNIST/ML_MNIST.srcs/sources_1/bd/system/ipshared/f9c1/hdl/generic_baseblocks_v2_1_vl_rfs.v:2452]
INFO: [Synth 8-256] done synthesizing module 'axi_crossbar_v2_1_14_crossbar_sasd' (9#1) [c:/ERTS_repo/Project/Xilinx/ML_MNIST/ML_MNIST.srcs/sources_1/bd/system/ipshared/f582/hdl/axi_crossbar_v2_1_vl_rfs.v:1240]
INFO: [Synth 8-256] done synthesizing module 'axi_crossbar_v2_1_14_axi_crossbar' (10#1) [c:/ERTS_repo/Project/Xilinx/ML_MNIST/ML_MNIST.srcs/sources_1/bd/system/ipshared/f582/hdl/axi_crossbar_v2_1_vl_rfs.v:4882]
INFO: [Synth 8-256] done synthesizing module 'system_xbar_0' (11#1) [c:/ERTS_repo/Project/Xilinx/ML_MNIST/ML_MNIST.srcs/sources_1/bd/system/ip/system_xbar_0/synth/system_xbar_0.v:59]
Finished RTL Elaboration : Time (s): cpu = 00:00:26 ; elapsed = 00:00:41 . Memory (MB): peak = 440.313 ; gain = 201.164
Finished RTL Optimization Phase 1 : Time (s): cpu = 00:00:26 ; elapsed = 00:00:42 . Memory (MB): peak = 440.313 ; gain = 201.164
INFO: [Device 21-403] Loading part xc7z010clg400-1
Constraint Validation Runtime : Time (s): cpu = 00:00:00 ; elapsed = 00:00:00.130 . Memory (MB): peak = 661.305 ; gain = 0.000
Finished Constraint Validation : Time (s): cpu = 00:00:46 ; elapsed = 00:01:16 . Memory (MB): peak = 661.305 ; gain = 422.156
Finished Loading Part and Timing Information : Time (s): cpu = 00:00:46 ; elapsed = 00:01:16 . Memory (MB): peak = 661.305 ; gain = 422.156
Finished applying 'set_property' XDC Constraints : Time (s): cpu = 00:00:46 ; elapsed = 00:01:16 . Memory (MB): peak = 661.305 ; gain = 422.156
Finished RTL Optimization Phase 2 : Time (s): cpu = 00:00:47 ; elapsed = 00:01:17 . Memory (MB): peak = 661.305 ; gain = 422.156
Finished Cross Boundary and Area Optimization : Time (s): cpu = 00:00:49 ; elapsed = 00:01:20 . Memory (MB): peak = 661.305 ; gain = 422.156
Finished Applying XDC Timing Constraints : Time (s): cpu = 00:01:12 ; elapsed = 00:01:55 . Memory (MB): peak = 661.305 ; gain = 422.156
Finished Timing Optimization : Time (s): cpu = 00:01:13 ; elapsed = 00:01:57 . Memory (MB): peak = 661.305 ; gain = 422.156
Finished Technology Mapping : Time (s): cpu = 00:01:14 ; elapsed = 00:01:57 . Memory (MB): peak = 661.305 ; gain = 422.156
Finished IO Insertion : Time (s): cpu = 00:01:15 ; elapsed = 00:01:59 . Memory (MB): peak = 661.305 ; gain = 422.156
Finished Renaming Generated Instances : Time (s): cpu = 00:01:15 ; elapsed = 00:01:59 . Memory (MB): peak = 661.305 ; gain = 422.156
Finished Rebuilding User Hierarchy : Time (s): cpu = 00:01:15 ; elapsed = 00:01:59 . Memory (MB): peak = 661.305 ; gain = 422.156
Finished Renaming Generated Ports : Time (s): cpu = 00:01:15 ; elapsed = 00:01:59 . Memory (MB): peak = 661.305 ; gain = 422.156
Finished Handling Custom Attributes : Time (s): cpu = 00:01:15 ; elapsed = 00:01:59 . Memory (MB): peak = 661.305 ; gain = 422.156
Finished Renaming Generated Nets : Time (s): cpu = 00:01:15 ; elapsed = 00:01:59 . Memory (MB): peak = 661.305 ; gain = 422.156

Report Cell Usage: 
+------+-----+------+
|      |Cell |Count |
+------+-----+------+
|1     |LUT1 |     2|
|2     |LUT2 |    10|
|3     |LUT3 |    39|
|4     |LUT4 |    49|
|5     |LUT5 |    53|
|6     |LUT6 |    24|
|7     |FDRE |   131|
+------+-----+------+
Finished Writing Synthesis Report : Time (s): cpu = 00:01:15 ; elapsed = 00:01:59 . Memory (MB): peak = 661.305 ; gain = 422.156
synth_design: Time (s): cpu = 00:01:17 ; elapsed = 00:02:04 . Memory (MB): peak = 661.305 ; gain = 425.785
