15:55:38 INFO  : Registering command handlers for SDK TCF services
15:55:39 INFO  : Launching XSCT server: xsct.bat -interactive C:\ERTS_repo\Project\SDK\temp_xsdb_launch_script.tcl
15:55:45 INFO  : XSCT server has started successfully.
15:55:45 INFO  : Successfully done setting XSCT server connection channel  
15:55:56 INFO  : Successfully done setting SDK workspace  
20:59:56 INFO  : Registering command handlers for SDK TCF services
20:59:57 INFO  : Launching XSCT server: xsct.bat -interactive C:\ERTS_repo\Project\SDK\temp_xsdb_launch_script.tcl
21:00:01 INFO  : XSCT server has started successfully.
21:00:09 INFO  : Successfully done setting XSCT server connection channel  
21:00:09 INFO  : Successfully done setting SDK workspace  
14:20:44 INFO  : Registering command handlers for SDK TCF services
14:20:45 INFO  : Launching XSCT server: xsct.bat -interactive C:\ERTS_repo\Project\SDK\temp_xsdb_launch_script.tcl
14:20:52 INFO  : XSCT server has started successfully.
14:21:05 INFO  : Successfully done setting XSCT server connection channel  
14:21:08 INFO  : Successfully done setting SDK workspace  
11:35:41 INFO  : Registering command handlers for SDK TCF services
11:35:42 INFO  : Launching XSCT server: xsct.bat -interactive C:\ERTS_repo\Project\SDK\temp_xsdb_launch_script.tcl
11:36:01 INFO  : XSCT server has started successfully.
11:36:23 INFO  : Successfully done setting XSCT server connection channel  
11:36:30 INFO  : Successfully done setting SDK workspace  
