e:\filer\erts\assignment3_ny\assignment3_ny\debug\vc141.pdb
e:\filer\erts\assignment3_ny\assignment3_ny\debug\vc141.idb
e:\filer\erts\assignment3_ny\assignment3_ny\debug\suspended.obj
e:\filer\erts\assignment3_ny\assignment3_ny\debug\suspend.obj
e:\filer\erts\assignment3_ny\assignment3_ny\debug\stop.obj
e:\filer\erts\assignment3_ny\assignment3_ny\debug\start.obj
e:\filer\erts\assignment3_ny\assignment3_ny\debug\resume.obj
e:\filer\erts\assignment3_ny\assignment3_ny\debug\realtimeloop.obj
e:\filer\erts\assignment3_ny\assignment3_ny\debug\ready.obj
e:\filer\erts\assignment3_ny\assignment3_ny\debug\poweronselftest.obj
e:\filer\erts\assignment3_ny\assignment3_ny\debug\opstate.obj
e:\filer\erts\assignment3_ny\assignment3_ny\debug\operational.obj
e:\filer\erts\assignment3_ny\assignment3_ny\debug\initializing.obj
e:\filer\erts\assignment3_ny\assignment3_ny\debug\failure.obj
e:\filer\erts\assignment3_ny\assignment3_ny\debug\embedsysstate.obj
e:\filer\erts\assignment3_ny\assignment3_ny\debug\embeddedsystemx.obj
e:\filer\erts\assignment3_ny\assignment3_ny\debug\configurationended.obj
e:\filer\erts\assignment3_ny\assignment3_ny\debug\configuration.obj
e:\filer\erts\assignment3_ny\assignment3_ny\debug\assignment3_ny.obj
e:\filer\erts\assignment3_ny\assignment3_ny\debug\configure.obj
e:\filer\erts\assignment3_ny\debug\assignment3_ny.exe
e:\filer\erts\assignment3_ny\debug\assignment3_ny.ilk
e:\filer\erts\assignment3_ny\debug\assignment3_ny.pdb
e:\filer\erts\assignment3_ny\assignment3_ny\debug\assignment3_ny.tlog\cl.command.1.tlog
e:\filer\erts\assignment3_ny\assignment3_ny\debug\assignment3_ny.tlog\cl.read.1.tlog
e:\filer\erts\assignment3_ny\assignment3_ny\debug\assignment3_ny.tlog\cl.write.1.tlog
e:\filer\erts\assignment3_ny\assignment3_ny\debug\assignment3_ny.tlog\link.command.1.tlog
e:\filer\erts\assignment3_ny\assignment3_ny\debug\assignment3_ny.tlog\link.read.1.tlog
e:\filer\erts\assignment3_ny\assignment3_ny\debug\assignment3_ny.tlog\link.write.1.tlog
