#-----------------------------------------------------------
# Vivado v2017.2 (64-bit)
# SW Build 1909853 on Thu Jun 15 18:39:09 MDT 2017
# IP Build 1909766 on Thu Jun 15 19:58:00 MDT 2017
# Start of session at: Fri Jan  3 12:25:00 2020
# Process ID: 464
# Current directory: C:/ERTS_repo/Project/Xilinx/ML_MNIST
# Command line: vivado.exe -gui_launcher_event rodinguilauncherevent8980 C:\ERTS_repo\Project\Xilinx\ML_MNIST\ML_MNIST.xpr
# Log file: C:/ERTS_repo/Project/Xilinx/ML_MNIST/vivado.log
# Journal file: C:/ERTS_repo/Project/Xilinx/ML_MNIST\vivado.jou
#-----------------------------------------------------------
start_gui
open_project C:/ERTS_repo/Project/Xilinx/ML_MNIST/ML_MNIST.xpr
Scanning sources...
Finished scanning sources
INFO: [IP_Flow 19-234] Refreshing IP repositories
INFO: [IP_Flow 19-1700] Loaded user IP repository 'c:/ERTS_repo/Project/Xilinx_hls/neural/neural.prj/solution1/impl/ip'.
INFO: [IP_Flow 19-1700] Loaded user IP repository 'c:/ERTS_repo/Assignment_2/led_ip_1.0'.
INFO: [IP_Flow 19-2313] Loaded Vivado IP repository 'C:/Xilinx/Vivado/2017.2/data/ip'.
WARNING: [IP_Flow 19-3664] IP 'system_auto_pc_0' generated file not found 'c:/ERTS_repo/Project/Xilinx/ML_MNIST/ML_MNIST.srcs/sources_1/bd/system/ip/system_auto_pc_0/stats.txt'. Please regenerate to continue.
open_project: Time (s): cpu = 00:00:22 ; elapsed = 00:00:17 . Memory (MB): peak = 767.453 ; gain = 41.504
update_compile_order -fileset sources_1
open_bd_design {C:/ERTS_repo/Project/Xilinx/ML_MNIST/ML_MNIST.srcs/sources_1/bd/system/system.bd}
Adding cell -- xilinx.com:ip:processing_system7:5.5 - processing_system7_0
Adding cell -- xilinx.com:ip:proc_sys_reset:5.0 - rst_ps7_0_100M
Adding cell -- xilinx.com:ip:axi_gpio:2.0 - axi_gpio_0
Adding cell -- xilinx.com:user:led_ip:1.0 - led_ip
Adding cell -- xilinx.com:hls:classify:1.0 - classify_0
Adding cell -- xilinx.com:ip:axi_crossbar:2.1 - xbar
Adding cell -- xilinx.com:ip:axi_protocol_converter:2.1 - auto_pc
Successfully read diagram <system> from BD file <C:/ERTS_repo/Project/Xilinx/ML_MNIST/ML_MNIST.srcs/sources_1/bd/system/system.bd>
open_bd_design: Time (s): cpu = 00:00:09 ; elapsed = 00:00:12 . Memory (MB): peak = 837.594 ; gain = 32.512
open_bd_design {C:/ERTS_repo/Project/Xilinx/ML_MNIST/ML_MNIST.srcs/sources_1/bd/system/system.bd}
open_run impl_1
INFO: [Netlist 29-17] Analyzing 239 Unisim elements for replacement
INFO: [Netlist 29-28] Unisim Transformation completed in 0 CPU seconds
INFO: [Project 1-479] Netlist was created with Vivado 2017.2
INFO: [Device 21-403] Loading part xc7z010clg400-1
INFO: [Project 1-570] Preparing netlist for logic optimization
Parsing XDC File [C:/ERTS_repo/Project/Xilinx/ML_MNIST/.Xil/Vivado-464-DESKTOP-A2UBRF5/dcp1/system_wrapper_board.xdc]
Finished Parsing XDC File [C:/ERTS_repo/Project/Xilinx/ML_MNIST/.Xil/Vivado-464-DESKTOP-A2UBRF5/dcp1/system_wrapper_board.xdc]
Parsing XDC File [C:/ERTS_repo/Project/Xilinx/ML_MNIST/.Xil/Vivado-464-DESKTOP-A2UBRF5/dcp1/system_wrapper_early.xdc]
Finished Parsing XDC File [C:/ERTS_repo/Project/Xilinx/ML_MNIST/.Xil/Vivado-464-DESKTOP-A2UBRF5/dcp1/system_wrapper_early.xdc]
Parsing XDC File [C:/ERTS_repo/Project/Xilinx/ML_MNIST/.Xil/Vivado-464-DESKTOP-A2UBRF5/dcp1/system_wrapper.xdc]
Finished Parsing XDC File [C:/ERTS_repo/Project/Xilinx/ML_MNIST/.Xil/Vivado-464-DESKTOP-A2UBRF5/dcp1/system_wrapper.xdc]
Reading XDEF placement.
Reading placer database...
Reading XDEF routing.
Read XDEF File: Time (s): cpu = 00:00:01 ; elapsed = 00:00:00.990 . Memory (MB): peak = 1127.141 ; gain = 2.992
Restored from archive | CPU: 1.000000 secs | Memory: 0.000000 MB |
Finished XDEF File Restore: Time (s): cpu = 00:00:01 ; elapsed = 00:00:00.992 . Memory (MB): peak = 1127.141 ; gain = 2.992
INFO: [Project 1-111] Unisim Transformation Summary:
  A total of 32 instances were transformed.
  RAM16X1S => RAM32X1S (RAMS32): 32 instances

open_run: Time (s): cpu = 00:00:29 ; elapsed = 00:00:25 . Memory (MB): peak = 1238.016 ; gain = 321.766
launch_sdk -workspace C:/ERTS_repo/Project/Xilinx/ML_MNIST/ML_MNIST.sdk -hwspec C:/ERTS_repo/Project/Xilinx/ML_MNIST/ML_MNIST.sdk/system_wrapper.hdf
INFO: [Vivado 12-393] Launching SDK...
INFO: [Vivado 12-417] Running xsdk -workspace C:/ERTS_repo/Project/Xilinx/ML_MNIST/ML_MNIST.sdk -hwspec C:/ERTS_repo/Project/Xilinx/ML_MNIST/ML_MNIST.sdk/system_wrapper.hdf
INFO: [Vivado 12-3157] SDK launch initiated. Please check console for any further messages.
open_bd_design {C:/ERTS_repo/Project/Xilinx/ML_MNIST/ML_MNIST.srcs/sources_1/bd/system/system.bd}
WARNING: [IP_Flow 19-474] Invalid Parameter 'Component_Name'
exit
INFO: [Common 17-206] Exiting Vivado at Fri Jan  3 17:18:21 2020...
