#-----------------------------------------------------------
# Vivado v2017.2 (64-bit)
# SW Build 1909853 on Thu Jun 15 18:39:09 MDT 2017
# IP Build 1909766 on Thu Jun 15 19:58:00 MDT 2017
# Start of session at: Fri Dec 27 20:36:43 2019
# Process ID: 14604
# Current directory: C:/ERTS_repo/Project/Xilinx/ML_MNIST
# Command line: vivado.exe -gui_launcher_event rodinguilauncherevent16488 C:\ERTS_repo\Project\Xilinx\ML_MNIST\ML_MNIST.xpr
# Log file: C:/ERTS_repo/Project/Xilinx/ML_MNIST/vivado.log
# Journal file: C:/ERTS_repo/Project/Xilinx/ML_MNIST\vivado.jou
#-----------------------------------------------------------
start_gui
open_project C:/ERTS_repo/Project/Xilinx/ML_MNIST/ML_MNIST.xpr
Scanning sources...
Finished scanning sources
INFO: [IP_Flow 19-234] Refreshing IP repositories
INFO: [IP_Flow 19-1704] No user IP repositories specified
INFO: [IP_Flow 19-2313] Loaded Vivado IP repository 'C:/Xilinx/Vivado/2017.2/data/ip'.
open_project: Time (s): cpu = 00:00:13 ; elapsed = 00:00:07 . Memory (MB): peak = 772.184 ; gain = 92.555
update_compile_order -fileset sources_1
open_bd_design {C:/ERTS_repo/Project/Xilinx/ML_MNIST/ML_MNIST.srcs/sources_1/bd/system/system.bd}
Successfully read diagram <system> from BD file <C:/ERTS_repo/Project/Xilinx/ML_MNIST/ML_MNIST.srcs/sources_1/bd/system/system.bd>
open_bd_design: Time (s): cpu = 00:00:07 ; elapsed = 00:00:07 . Memory (MB): peak = 789.707 ; gain = 17.523
open_bd_design {C:/ERTS_repo/Project/Xilinx/ML_MNIST/ML_MNIST.srcs/sources_1/bd/system/system.bd}
exit
INFO: [Common 17-206] Exiting Vivado at Sat Dec 28 22:31:24 2019...
