13:06:03 INFO  : Registering command handlers for SDK TCF services
13:06:04 INFO  : Launching XSCT server: xsct.bat -interactive C:\ERTS_Repo\Assignment_2\lab3\lab3.sdk\temp_xsdb_launch_script.tcl
13:06:09 INFO  : XSCT server has started successfully.
13:06:09 INFO  : Successfully done setting XSCT server connection channel  
13:06:16 INFO  : Processing command line option -hwspec C:/ERTS_Repo/Assignment_2/lab3/lab3.sdk/system_wrapper.hdf.
13:06:16 INFO  : Successfully done setting SDK workspace  
13:20:30 INFO  : No changes in MSS file content so not generating sources.
13:28:46 INFO  : Connected to target on host '127.0.0.1' and port '3121'.
13:28:47 INFO  : 'targets -set -filter {jtag_cable_name =~ "Digilent Zybo 210279A6A710A" && level==0} -index 1' command is executed.
13:28:48 INFO  : FPGA configured successfully with bitstream "C:/ERTS_Repo/Assignment_2/lab3/lab3.sdk/system_wrapper_hw_platform_0/system_wrapper.bit"
13:29:03 INFO  : ps7_init is completed.
13:29:03 INFO  : ps7_post_config is completed.
13:29:03 INFO  : Processor reset is completed for ps7_cortexa9_0
13:30:02 INFO  : Inferring section assignments and sizes from elf file: C:\ERTS_Repo\Assignment_2\lab3\lab3.sdk\lab4\Debug\lab4.elf
13:31:24 INFO  : Successfully generated C:\ERTS_Repo\Assignment_2\lab3\lab3.sdk\lab4\src\lscript.ld.
13:31:24 INFO  : Applying linker script to all configurations of project lab4.
13:31:24 INFO  : Setting rebuild state to true for all configurations of project lab4.
13:32:09 INFO  : Successfully generated C:\ERTS_Repo\Assignment_2\lab3\lab3.sdk\lab4\src\lscript.ld.
13:32:09 INFO  : Applying linker script to all configurations of project lab4.
13:32:09 INFO  : Setting rebuild state to true for all configurations of project lab4.
13:32:17 INFO  : Connected to target on host '127.0.0.1' and port '3121'.
13:32:17 INFO  : 'targets -set -filter {jtag_cable_name =~ "Digilent Zybo 210279A6A710A" && level==0} -index 1' command is executed.
13:32:18 INFO  : FPGA configured successfully with bitstream "C:/ERTS_Repo/Assignment_2/lab3/lab3.sdk/system_wrapper_hw_platform_0/system_wrapper.bit"
13:33:23 INFO  : ps7_cortexa9_0 Processor is in use. Please stop existing Run or Debug sessions before launching.
13:33:37 ERROR : Unexpected error while launching program.
java.lang.RuntimeException: Error in Resetting Target

    Could not stop the processor after reset


	at com.xilinx.sdk.targetmanager.internal.TM.doProcessorReset(TM.java:1011)
	at com.xilinx.sdk.debug.core.XilinxAppLaunchConfigurationDelegate.runTargetSetup(XilinxAppLaunchConfigurationDelegate.java:534)
	at com.xilinx.sdk.debug.core.XilinxAppLaunchConfigurationDelegate.runApplication(XilinxAppLaunchConfigurationDelegate.java:616)
	at com.xilinx.sdk.debug.core.XilinxAppLaunchConfigurationDelegate.launch(XilinxAppLaunchConfigurationDelegate.java:309)
	at com.xilinx.sdk.debug.ui.XilinxAppLaunchDelegateWrapper.launch(XilinxAppLaunchDelegateWrapper.java:31)
	at org.eclipse.debug.internal.core.LaunchConfiguration.launch(LaunchConfiguration.java:885)
	at org.eclipse.debug.internal.core.LaunchConfiguration.launch(LaunchConfiguration.java:739)
	at org.eclipse.debug.internal.ui.DebugUIPlugin.buildAndLaunch(DebugUIPlugin.java:1039)
	at org.eclipse.debug.internal.ui.DebugUIPlugin$8.run(DebugUIPlugin.java:1256)
	at org.eclipse.core.internal.jobs.Worker.run(Worker.java:55)
13:33:52 ERROR : Unexpected error while launching program.
java.lang.RuntimeException: Error in Resetting Target

    Could not stop the processor after reset


	at com.xilinx.sdk.targetmanager.internal.TM.doProcessorReset(TM.java:1011)
	at com.xilinx.sdk.debug.core.XilinxAppLaunchConfigurationDelegate.runTargetSetup(XilinxAppLaunchConfigurationDelegate.java:534)
	at com.xilinx.sdk.debug.core.XilinxAppLaunchConfigurationDelegate.debugApplication(XilinxAppLaunchConfigurationDelegate.java:701)
	at com.xilinx.sdk.debug.core.XilinxAppLaunchConfigurationDelegate.launch(XilinxAppLaunchConfigurationDelegate.java:311)
	at com.xilinx.sdk.debug.ui.XilinxAppLaunchDelegateWrapper.launch(XilinxAppLaunchDelegateWrapper.java:31)
	at org.eclipse.debug.internal.core.LaunchConfiguration.launch(LaunchConfiguration.java:885)
	at org.eclipse.debug.internal.core.LaunchConfiguration.launch(LaunchConfiguration.java:739)
	at org.eclipse.debug.internal.ui.DebugUIPlugin.buildAndLaunch(DebugUIPlugin.java:1039)
	at org.eclipse.debug.internal.ui.DebugUIPlugin$8.run(DebugUIPlugin.java:1256)
	at org.eclipse.core.internal.jobs.Worker.run(Worker.java:55)
13:34:20 INFO  : ps7_init is completed.
13:34:20 INFO  : ps7_post_config is completed.
13:34:20 INFO  : Processor reset is completed for ps7_cortexa9_0
13:34:27 INFO  : Connected to target on host '127.0.0.1' and port '3121'.
13:34:27 INFO  : 'targets -set -filter {jtag_cable_name =~ "Digilent Zybo 210279A6A710A" && level==0} -index 1' command is executed.
13:34:28 INFO  : FPGA configured successfully with bitstream "C:/ERTS_Repo/Assignment_2/lab3/lab3.sdk/system_wrapper_hw_platform_0/system_wrapper.bit"
13:34:40 INFO  : ps7_cortexa9_0 Processor is in use. Please stop existing Run or Debug sessions before launching.
13:34:53 INFO  : Processor reset is completed for ps7_cortexa9_0
13:34:56 ERROR : Unexpected error while launching program.
java.lang.RuntimeException: Failed to download ELF file


    Could not stop the processor after reset


	at com.xilinx.sdk.targetmanager.internal.TM.downloadELF(TM.java:686)
	at com.xilinx.sdk.debug.core.internal.AppRunner.run(AppRunner.java:129)
	at com.xilinx.sdk.debug.core.XilinxAppLaunchConfigurationDelegate.runApplication(XilinxAppLaunchConfigurationDelegate.java:637)
	at com.xilinx.sdk.debug.core.XilinxAppLaunchConfigurationDelegate.launch(XilinxAppLaunchConfigurationDelegate.java:309)
	at com.xilinx.sdk.debug.ui.XilinxAppLaunchDelegateWrapper.launch(XilinxAppLaunchDelegateWrapper.java:31)
	at org.eclipse.debug.internal.core.LaunchConfiguration.launch(LaunchConfiguration.java:885)
	at org.eclipse.debug.internal.core.LaunchConfiguration.launch(LaunchConfiguration.java:739)
	at org.eclipse.debug.internal.ui.DebugUIPlugin.buildAndLaunch(DebugUIPlugin.java:1039)
	at org.eclipse.debug.internal.ui.DebugUIPlugin$8.run(DebugUIPlugin.java:1256)
	at org.eclipse.core.internal.jobs.Worker.run(Worker.java:55)
13:35:34 ERROR : Unexpected error while parsing XMD response ?: com.google.gson.JsonSyntaxException: com.google.gson.stream.MalformedJsonException: invalid number or unquoted string near 
13:55:12 INFO  : Registering command handlers for SDK TCF services
13:55:13 INFO  : Launching XSCT server: xsct.bat -interactive C:\ERTS_Repo\Assignment_2\lab3\lab3.sdk\temp_xsdb_launch_script.tcl
13:55:17 INFO  : XSCT server has started successfully.
13:55:20 INFO  : Successfully done setting XSCT server connection channel  
13:55:20 INFO  : Processing command line option -hwspec C:/ERTS_Repo/Assignment_2/lab3/lab3.sdk/system_wrapper.hdf.
13:55:20 INFO  : Successfully done setting SDK workspace  
13:55:20 INFO  : Checking for hwspec changes in the project system_wrapper_hw_platform_0.
13:58:26 INFO  : Connected to target on host '127.0.0.1' and port '3121'.
13:58:28 INFO  : 'targets -set -filter {jtag_cable_name =~ "Digilent Zybo 210279A6A710A" && level==0} -index 1' command is executed.
13:58:29 INFO  : FPGA configured successfully with bitstream "C:/ERTS_Repo/Assignment_2/lab3/lab3.sdk/system_wrapper_hw_platform_0/system_wrapper.bit"
13:58:52 INFO  : ps7_init is completed.
13:58:52 INFO  : ps7_post_config is completed.
13:58:52 INFO  : Processor reset is completed for ps7_cortexa9_0
14:02:13 INFO  : Inferring section assignments and sizes from elf file: C:\ERTS_Repo\Assignment_2\lab3\lab3.sdk\lab4\Debug\lab4.elf
14:02:28 INFO  : Successfully generated C:\ERTS_Repo\Assignment_2\lab3\lab3.sdk\lab4\src\lscript.ld.
14:02:28 INFO  : Applying linker script to all configurations of project lab4.
14:02:28 INFO  : Setting rebuild state to true for all configurations of project lab4.
14:02:38 INFO  : Connected to target on host '127.0.0.1' and port '3121'.
14:02:38 INFO  : 'targets -set -filter {jtag_cable_name =~ "Digilent Zybo 210279A6A710A" && level==0} -index 1' command is executed.
14:02:40 INFO  : FPGA configured successfully with bitstream "C:/ERTS_Repo/Assignment_2/lab3/lab3.sdk/system_wrapper_hw_platform_0/system_wrapper.bit"
14:02:56 INFO  : Processor reset is completed for ps7_cortexa9_0
14:04:37 INFO  : Time out for XMD transaction is 60000
If you want to increase the timeout value, goto Windows-> Preferences -> Xilinx SDK -> XMD Startup
14:04:37 ERROR : Timeout occured while waiting to get reply for command "xstop 64"
14:32:36 INFO  : Processor reset is completed for ps7_cortexa9_0
14:33:49 INFO  : ps7_cortexa9_0 Processor is in use. Please stop existing Run or Debug sessions before launching.
14:33:52 INFO  : System reset is completed.
14:33:53 INFO  : FPGA configured successfully with bitstream "C:/ERTS_Repo/Assignment_2/lab3/lab3.sdk/system_wrapper_hw_platform_0/system_wrapper.bit"
14:33:54 INFO  : ps7_init is completed.
14:33:54 INFO  : ps7_post_config is completed.
14:34:27 INFO  : ps7_cortexa9_0 Processor is in use. Please stop existing Run or Debug sessions before launching.
14:34:30 INFO  : System reset is completed.
14:34:32 INFO  : FPGA configured successfully with bitstream "C:/ERTS_Repo/Assignment_2/lab3/lab3.sdk/system_wrapper_hw_platform_0/system_wrapper.bit"
14:34:33 INFO  : ps7_init is completed.
14:34:33 INFO  : ps7_post_config is completed.
14:35:10 INFO  : ps7_cortexa9_0 Processor is in use. Please stop existing Run or Debug sessions before launching.
14:35:13 INFO  : System reset is completed.
14:35:14 INFO  : FPGA configured successfully with bitstream "C:/ERTS_Repo/Assignment_2/lab3/lab3.sdk/system_wrapper_hw_platform_0/system_wrapper.bit"
14:35:15 INFO  : ps7_init is completed.
14:35:15 INFO  : ps7_post_config is completed.
14:41:51 INFO  : System reset is completed.
14:41:53 INFO  : FPGA configured successfully with bitstream "C:/ERTS_Repo/Assignment_2/lab3/lab3.sdk/system_wrapper_hw_platform_0/system_wrapper.bit"
14:41:53 INFO  : ps7_init is completed.
14:41:53 INFO  : ps7_post_config is completed.
14:42:52 INFO  : ps7_cortexa9_0 Processor is in use. Please stop existing Run or Debug sessions before launching.
14:42:54 INFO  : System reset is completed.
14:42:55 INFO  : FPGA configured successfully with bitstream "C:/ERTS_Repo/Assignment_2/lab3/lab3.sdk/system_wrapper_hw_platform_0/system_wrapper.bit"
14:42:56 INFO  : ps7_init is completed.
14:42:56 INFO  : ps7_post_config is completed.
14:53:02 INFO  : ps7_cortexa9_0 Processor is in use. Please stop existing Run or Debug sessions before launching.
14:53:04 INFO  : System reset is completed.
14:53:06 INFO  : FPGA configured successfully with bitstream "C:/ERTS_Repo/Assignment_2/lab3/lab3.sdk/system_wrapper_hw_platform_0/system_wrapper.bit"
14:53:07 INFO  : ps7_init is completed.
14:53:07 INFO  : ps7_post_config is completed.
14:54:01 INFO  : System reset is completed.
14:54:03 INFO  : FPGA configured successfully with bitstream "C:/ERTS_Repo/Assignment_2/lab3/lab3.sdk/system_wrapper_hw_platform_0/system_wrapper.bit"
14:54:04 INFO  : ps7_init is completed.
14:54:04 INFO  : ps7_post_config is completed.
15:59:28 ERROR : Unexpected error while parsing XMD response ?: com.google.gson.JsonSyntaxException: com.google.gson.stream.MalformedJsonException: invalid number or unquoted string near 
10:25:10 INFO  : Registering command handlers for SDK TCF services
10:25:10 INFO  : Launching XSCT server: xsct.bat -interactive C:\ERTS_Repo\Assignment_2\lab3\lab3.sdk\temp_xsdb_launch_script.tcl
10:25:16 INFO  : XSCT server has started successfully.
10:25:16 INFO  : Successfully done setting XSCT server connection channel  
10:25:26 INFO  : Successfully done setting SDK workspace  
10:25:26 INFO  : Processing command line option -hwspec C:/ERTS_Repo/Assignment_2/lab3/lab3.sdk/system_wrapper.hdf.
10:25:27 INFO  : Checking for hwspec changes in the project system_wrapper_hw_platform_0.
10:33:46 INFO  : System reset is completed.
10:33:48 INFO  : FPGA configured successfully with bitstream "C:/ERTS_Repo/Assignment_2/lab3/lab3.sdk/system_wrapper_hw_platform_0/system_wrapper.bit"
10:33:49 INFO  : ps7_init is completed.
10:33:49 INFO  : ps7_post_config is completed.
10:35:56 INFO  : System reset is completed.
10:35:57 INFO  : FPGA configured successfully with bitstream "C:/ERTS_Repo/Assignment_2/lab3/lab3.sdk/system_wrapper_hw_platform_0/system_wrapper.bit"
10:35:59 INFO  : ps7_init is completed.
10:35:59 INFO  : ps7_post_config is completed.
10:51:54 INFO  : SDK has detected change in the last modified timestamps for source hardware specification file Source:1570092690383,  Project:1569582123815
10:51:54 INFO  : Project system_wrapper_hw_platform_0's source hardware specification located at C:/ERTS_Repo/Assignment_2/lab3/lab3.sdk/system_wrapper.hdf is now different from the local copy.
		 The local copy will be replaced with the source specification and your workspace will be updated.
10:53:11 INFO  : Copied contents of C:/ERTS_Repo/Assignment_2/lab3/lab3.sdk/system_wrapper.hdf into \system_wrapper_hw_platform_0\system.hdf.
10:53:15 INFO  : Synchronizing projects in the workspace with the hardware platform specification changes.
10:53:21 INFO  : 
10:53:22 INFO  : Updating hardware inferred compiler options for lab4.
10:53:22 INFO  : Updating hardware inferred compiler options for part3.
10:53:22 INFO  : Clearing existing target manager status.
10:53:22 INFO  : Closing and re-opening the MSS file of ther project standalone_bsp_0
11:08:27 INFO  : System reset is completed.
11:08:28 INFO  : FPGA configured successfully with bitstream "C:/ERTS_Repo/Assignment_2/lab3/lab3.sdk/system_wrapper_hw_platform_0/system_wrapper.bit"
11:08:30 INFO  : ps7_init is completed.
11:08:30 INFO  : ps7_post_config is completed.
11:08:30 ERROR : Port COM4 is already in use.
11:09:11 INFO  : System reset is completed.
11:09:12 INFO  : FPGA configured successfully with bitstream "C:/ERTS_Repo/Assignment_2/lab3/lab3.sdk/system_wrapper_hw_platform_0/system_wrapper.bit"
11:09:14 INFO  : ps7_init is completed.
11:09:14 INFO  : ps7_post_config is completed.
11:09:14 ERROR : Port COM4 is already in use.
11:09:25 INFO  : ps7_cortexa9_0 Processor is in use. Please stop existing Run or Debug sessions before launching.
11:09:27 INFO  : System reset is completed.
11:09:28 INFO  : FPGA configured successfully with bitstream "C:/ERTS_Repo/Assignment_2/lab3/lab3.sdk/system_wrapper_hw_platform_0/system_wrapper.bit"
11:09:29 INFO  : ps7_init is completed.
11:09:29 INFO  : ps7_post_config is completed.
12:08:48 ERROR : Unexpected error while parsing XMD response ?: com.google.gson.JsonSyntaxException: com.google.gson.stream.MalformedJsonException: invalid number or unquoted string near 
11:05:59 INFO  : Registering command handlers for SDK TCF services
11:05:59 INFO  : Launching XSCT server: xsct.bat -interactive C:\ERTS_Repo\Assignment_2\lab3\lab3.sdk\temp_xsdb_launch_script.tcl
11:06:05 INFO  : XSCT server has started successfully.
11:06:14 INFO  : Successfully done setting XSCT server connection channel  
11:06:14 INFO  : Processing command line option -hwspec C:/ERTS_Repo/Assignment_2/lab3/lab3.sdk/system_wrapper.hdf.
11:06:15 INFO  : Successfully done setting SDK workspace  
11:06:15 INFO  : Checking for hwspec changes in the project system_wrapper_hw_platform_0.
11:53:35 INFO  : Registering command handlers for SDK TCF services
11:53:35 INFO  : Launching XSCT server: xsct.bat -interactive C:\ERTS_Repo\Assignment_2\lab3\lab3.sdk\temp_xsdb_launch_script.tcl
11:53:38 INFO  : XSCT server has started successfully.
11:53:43 INFO  : Successfully done setting XSCT server connection channel  
11:53:43 INFO  : Processing command line option -hwspec C:/ERTS_Repo/Assignment_2/lab3/lab3.sdk/system_wrapper.hdf.
11:53:43 INFO  : Successfully done setting SDK workspace  
11:53:43 INFO  : Checking for hwspec changes in the project system_wrapper_hw_platform_0.
11:53:44 INFO  : SDK has detected change in the last modified timestamps for source hardware specification file Source:1570182746168,  Project:1570092690383
11:53:44 INFO  : The hardware specification for project 'system_wrapper_hw_platform_0' is different from C:/ERTS_Repo/Assignment_2/lab3/lab3.sdk/system_wrapper.hdf.
11:53:44 INFO  : Copied contents of C:/ERTS_Repo/Assignment_2/lab3/lab3.sdk/system_wrapper.hdf into \system_wrapper_hw_platform_0\system.hdf.
11:54:11 INFO  : Synchronizing projects in the workspace with the hardware platform specification changes.
11:54:17 INFO  : 
11:54:18 INFO  : Updating hardware inferred compiler options for lab4.
11:54:18 INFO  : Updating hardware inferred compiler options for part3.
11:54:18 INFO  : Clearing existing target manager status.
12:06:29 ERROR : Unexpected error while parsing XMD response ?: com.google.gson.JsonSyntaxException: com.google.gson.stream.MalformedJsonException: invalid number or unquoted string near 
12:07:02 INFO  : Registering command handlers for SDK TCF services
12:07:02 INFO  : Launching XSCT server: xsct.bat -interactive C:\ERTS_Repo\Assignment_2\lab3\lab3.sdk\temp_xsdb_launch_script.tcl
12:07:05 INFO  : XSCT server has started successfully.
12:07:05 INFO  : Successfully done setting XSCT server connection channel  
12:07:10 INFO  : Successfully done setting SDK workspace  
12:07:10 INFO  : Processing command line option -hwspec C:/ERTS_Repo/Assignment_2/lab3/lab3.sdk/system_wrapper.hdf.
12:07:10 INFO  : Checking for hwspec changes in the project system_wrapper_hw_platform_0.
12:07:11 INFO  : SDK has detected change in the last modified timestamps for source hardware specification file Source:1570183563326,  Project:1570182746168
12:07:11 INFO  : The hardware specification for project 'system_wrapper_hw_platform_0' is different from C:/ERTS_Repo/Assignment_2/lab3/lab3.sdk/system_wrapper.hdf.
12:07:11 INFO  : Copied contents of C:/ERTS_Repo/Assignment_2/lab3/lab3.sdk/system_wrapper.hdf into \system_wrapper_hw_platform_0\system.hdf.
12:07:37 INFO  : Synchronizing projects in the workspace with the hardware platform specification changes.
12:07:41 INFO  : 
12:07:41 INFO  : Updating hardware inferred compiler options for lab4.
12:07:42 INFO  : Updating hardware inferred compiler options for part3.
12:07:42 INFO  : Clearing existing target manager status.
12:07:44 INFO  : Workspace synchronized with the new hardware specification file. Cleaning dependent projects...
12:07:47 WARN  : Linker script will not be updated automatically. Users need to update it manually.
12:08:45 INFO  : Refreshed build settings on project lab4
12:08:46 INFO  : Refreshed build settings on project part3
12:15:19 INFO  : System reset is completed.
12:15:20 INFO  : FPGA configured successfully with bitstream "C:/ERTS_Repo/Assignment_2/lab3/lab3.sdk/system_wrapper_hw_platform_0/system_wrapper.bit"
12:15:22 INFO  : ps7_init is completed.
12:15:22 INFO  : ps7_post_config is completed.
13:49:03 ERROR : Unexpected error while parsing XMD response ?: com.google.gson.JsonSyntaxException: com.google.gson.stream.MalformedJsonException: invalid number or unquoted string near 
10:16:49 INFO  : Registering command handlers for SDK TCF services
10:16:50 INFO  : Launching XSCT server: xsct.bat -interactive C:\ERTS_Repo\Assignment_2\lab3\lab3.sdk\temp_xsdb_launch_script.tcl
10:16:54 INFO  : XSCT server has started successfully.
10:17:03 INFO  : Successfully done setting XSCT server connection channel  
10:17:03 INFO  : Processing command line option -hwspec C:/ERTS_Repo/Assignment_2/lab3/lab3.sdk/system_wrapper.hdf.
10:17:03 INFO  : Successfully done setting SDK workspace  
10:17:03 INFO  : Checking for hwspec changes in the project system_wrapper_hw_platform_0.
10:28:56 INFO  : System reset is completed.
10:28:58 INFO  : FPGA configured successfully with bitstream "C:/ERTS_Repo/Assignment_2/lab3/lab3.sdk/system_wrapper_hw_platform_0/system_wrapper.bit"
10:29:00 INFO  : ps7_init is completed.
10:29:00 INFO  : ps7_post_config is completed.
10:30:13 INFO  : System reset is completed.
10:30:15 INFO  : FPGA configured successfully with bitstream "C:/ERTS_Repo/Assignment_2/lab3/lab3.sdk/system_wrapper_hw_platform_0/system_wrapper.bit"
10:30:16 INFO  : ps7_init is completed.
10:30:16 INFO  : ps7_post_config is completed.
10:31:39 INFO  : ps7_cortexa9_0 Processor is in use. Please stop existing Run or Debug sessions before launching.
10:31:57 INFO  : System reset is completed.
10:31:59 INFO  : FPGA configured successfully with bitstream "C:/ERTS_Repo/Assignment_2/lab3/lab3.sdk/system_wrapper_hw_platform_0/system_wrapper.bit"
10:31:59 INFO  : ps7_init is completed.
10:31:59 INFO  : ps7_post_config is completed.
11:22:50 INFO  : ps7_cortexa9_0 Processor is in use. Please stop existing Run or Debug sessions before launching.
11:23:47 INFO  : System reset is completed.
11:23:49 INFO  : FPGA configured successfully with bitstream "C:/ERTS_Repo/Assignment_2/lab3/lab3.sdk/system_wrapper_hw_platform_0/system_wrapper.bit"
11:23:50 INFO  : ps7_init is completed.
11:23:50 INFO  : ps7_post_config is completed.
11:32:24 INFO  : System reset is completed.
11:32:25 INFO  : FPGA configured successfully with bitstream "C:/ERTS_Repo/Assignment_2/lab3/lab3.sdk/system_wrapper_hw_platform_0/system_wrapper.bit"
11:32:27 INFO  : ps7_init is completed.
11:32:27 INFO  : ps7_post_config is completed.
11:32:27 ERROR : Port COM4 is already in use.
11:36:06 INFO  : System reset is completed.
11:36:07 INFO  : FPGA configured successfully with bitstream "C:/ERTS_Repo/Assignment_2/lab3/lab3.sdk/system_wrapper_hw_platform_0/system_wrapper.bit"
11:36:08 INFO  : ps7_init is completed.
11:36:08 INFO  : ps7_post_config is completed.
12:22:48 INFO  : System reset is completed.
12:22:50 INFO  : FPGA configured successfully with bitstream "C:/ERTS_Repo/Assignment_2/lab3/lab3.sdk/system_wrapper_hw_platform_0/system_wrapper.bit"
12:22:51 INFO  : ps7_init is completed.
12:22:51 INFO  : ps7_post_config is completed.
12:33:03 ERROR : Unexpected error while parsing XMD response ?: com.google.gson.JsonSyntaxException: com.google.gson.stream.MalformedJsonException: invalid number or unquoted string near 
13:47:47 INFO  : Registering command handlers for SDK TCF services
13:47:48 INFO  : Launching XSCT server: xsct.bat -interactive C:\ERTS_Repo\Assignment_2\lab3\lab3.sdk\temp_xsdb_launch_script.tcl
13:47:56 INFO  : XSCT server has started successfully.
13:48:10 INFO  : Processing command line option -hwspec C:/ERTS_Repo/Assignment_2/lab3/lab3.sdk/system_wrapper.hdf.
13:48:10 INFO  : Successfully done setting XSCT server connection channel  
13:48:10 INFO  : Checking for hwspec changes in the project system_wrapper_hw_platform_0.
13:48:13 INFO  : Successfully done setting SDK workspace  
13:48:22 INFO  : System reset is completed.
13:48:23 INFO  : FPGA configured successfully with bitstream "C:/ERTS_Repo/Assignment_2/lab3/lab3.sdk/system_wrapper_hw_platform_0/system_wrapper.bit"
13:48:25 INFO  : ps7_init is completed.
13:48:25 INFO  : ps7_post_config is completed.
13:51:18 ERROR : Unexpected error while parsing XMD response ?: com.google.gson.JsonSyntaxException: com.google.gson.stream.MalformedJsonException: invalid number or unquoted string near 
14:30:36 INFO  : Registering command handlers for SDK TCF services
14:30:37 INFO  : Launching XSCT server: xsct.bat -interactive C:\ERTS_repo\Assignment_2\lab3\lab3.sdk\temp_xsdb_launch_script.tcl
14:30:43 INFO  : XSCT server has started successfully.
14:30:43 INFO  : Successfully done setting XSCT server connection channel  
14:30:54 INFO  : Successfully done setting SDK workspace  
14:30:54 INFO  : Processing command line option -hwspec C:/ERTS_repo/Assignment_2/lab3/lab3.sdk/system_wrapper.hdf.
14:31:20 INFO  : SDK has detected change in the last modified timestamps for source hardware specification file Source:1576592484475,  Project:1570183563326
14:31:20 INFO  : Project system_wrapper_hw_platform_0's source hardware specification located at C:/ERTS_Repo/Assignment_2/lab3/lab3.sdk/system_wrapper.hdf is now different from the local copy.
		 The local copy will be replaced with the source specification and your workspace will be updated.
14:32:10 INFO  : Copied contents of C:/ERTS_Repo/Assignment_2/lab3/lab3.sdk/system_wrapper.hdf into \system_wrapper_hw_platform_0\system.hdf.
14:32:19 INFO  : Synchronizing projects in the workspace with the hardware platform specification changes.
14:32:29 INFO  : 
14:32:31 INFO  : Updating hardware inferred compiler options for part3.
14:32:31 INFO  : Clearing existing target manager status.
14:45:42 ERROR : Unexpected error while launching program.
org.eclipse.core.runtime.CoreException: Target selection failed.
	at org.eclipse.cdt.debug.mi.core.AbstractGDBCDIDebugger.newCoreException(AbstractGDBCDIDebugger.java:215)
	at org.eclipse.cdt.debug.mi.core.GDBServerCDIDebugger2.startGDBServerSession(GDBServerCDIDebugger2.java:111)
	at org.eclipse.cdt.debug.mi.core.GDBServerCDIDebugger2.doStartSession(GDBServerCDIDebugger2.java:47)
	at org.eclipse.cdt.debug.mi.core.AbstractGDBCDIDebugger.createSession(AbstractGDBCDIDebugger.java:86)
	at com.xilinx.sdk.launch.remote.internal.RemoteLaunchDelegate.createCDISession(RemoteLaunchDelegate.java:354)
	at com.xilinx.sdk.launch.remote.internal.RemoteLaunchDelegate.debug(RemoteLaunchDelegate.java:223)
	at com.xilinx.sdk.launch.remote.internal.RemoteLaunchDelegate.launch(RemoteLaunchDelegate.java:161)
	at org.eclipse.debug.internal.core.LaunchConfiguration.launch(LaunchConfiguration.java:885)
	at org.eclipse.debug.internal.core.LaunchConfiguration.launch(LaunchConfiguration.java:739)
	at org.eclipse.debug.internal.ui.DebugUIPlugin.buildAndLaunch(DebugUIPlugin.java:1039)
	at org.eclipse.debug.internal.ui.DebugUIPlugin$8.run(DebugUIPlugin.java:1256)
	at org.eclipse.core.internal.jobs.Worker.run(Worker.java:55)
Caused by: org.eclipse.cdt.debug.mi.core.MIException: LOCALHOST:1234: A connection attempt failed because the connected party did not properly respond after a period of time, or established connection failed because connected host has failed to respond.
	at org.eclipse.cdt.debug.mi.core.command.Command.throwMIException(Command.java:105)
	at org.eclipse.cdt.debug.mi.core.command.Command.getMIInfo(Command.java:79)
	at org.eclipse.cdt.debug.mi.core.GDBServerCDIDebugger2.startGDBServerSession(GDBServerCDIDebugger2.java:105)
	... 10 more
Contains: LOCALHOST:1234: A connection attempt failed because the connected party did not properly respond after a period of time, or established connection failed because connected host has failed to respond.
org.eclipse.cdt.debug.mi.core.MIException: LOCALHOST:1234: A connection attempt failed because the connected party did not properly respond after a period of time, or established connection failed because connected host has failed to respond.
	at org.eclipse.cdt.debug.mi.core.command.Command.throwMIException(Command.java:105)
	at org.eclipse.cdt.debug.mi.core.command.Command.getMIInfo(Command.java:79)
	at org.eclipse.cdt.debug.mi.core.GDBServerCDIDebugger2.startGDBServerSession(GDBServerCDIDebugger2.java:105)
	at org.eclipse.cdt.debug.mi.core.GDBServerCDIDebugger2.doStartSession(GDBServerCDIDebugger2.java:47)
	at org.eclipse.cdt.debug.mi.core.AbstractGDBCDIDebugger.createSession(AbstractGDBCDIDebugger.java:86)
	at com.xilinx.sdk.launch.remote.internal.RemoteLaunchDelegate.createCDISession(RemoteLaunchDelegate.java:354)
	at com.xilinx.sdk.launch.remote.internal.RemoteLaunchDelegate.debug(RemoteLaunchDelegate.java:223)
	at com.xilinx.sdk.launch.remote.internal.RemoteLaunchDelegate.launch(RemoteLaunchDelegate.java:161)
	at org.eclipse.debug.internal.core.LaunchConfiguration.launch(LaunchConfiguration.java:885)
	at org.eclipse.debug.internal.core.LaunchConfiguration.launch(LaunchConfiguration.java:739)
	at org.eclipse.debug.internal.ui.DebugUIPlugin.buildAndLaunch(DebugUIPlugin.java:1039)
	at org.eclipse.debug.internal.ui.DebugUIPlugin$8.run(DebugUIPlugin.java:1256)
	at org.eclipse.core.internal.jobs.Worker.run(Worker.java:55)
14:49:52 ERROR : Unexpected error while parsing XMD response ?: com.google.gson.JsonSyntaxException: com.google.gson.stream.MalformedJsonException: invalid number or unquoted string near 
21:08:23 INFO  : Registering command handlers for SDK TCF services
21:08:23 INFO  : Launching XSCT server: xsct.bat -interactive C:\ERTS_repo\Assignment_2\lab3\lab3.sdk\temp_xsdb_launch_script.tcl
21:08:30 INFO  : XSCT server has started successfully.
21:08:42 INFO  : Processing command line option -hwspec C:/ERTS_repo/Assignment_2/lab3/lab3.sdk/system_wrapper.hdf.
21:08:42 INFO  : Successfully done setting XSCT server connection channel  
21:08:44 INFO  : Checking for hwspec changes in the project system_wrapper_hw_platform_1.
21:08:47 INFO  : Successfully done setting SDK workspace  
21:10:25 WARN  : Unable to obtain port 2350 for use by XMD, java.net.SocketException: Unrecognized Windows Sockets error: 0: JVM_Bind
21:10:32 INFO  : System reset is completed.
21:10:35 INFO  : FPGA configured successfully with bitstream "C:/ERTS_repo/Assignment_2/lab3/lab3.sdk/system_wrapper_hw_platform_0/system_wrapper.bit"
21:10:36 INFO  : ps7_init is completed.
21:10:36 INFO  : ps7_post_config is completed.
21:11:44 INFO  : System reset is completed.
21:11:46 INFO  : FPGA configured successfully with bitstream "C:/ERTS_repo/Assignment_2/lab3/lab3.sdk/system_wrapper_hw_platform_0/system_wrapper.bit"
21:11:47 INFO  : ps7_init is completed.
21:11:47 INFO  : ps7_post_config is completed.
21:12:20 INFO  : System reset is completed.
21:12:23 INFO  : FPGA configured successfully with bitstream "C:/ERTS_repo/Assignment_2/lab3/lab3.sdk/system_wrapper_hw_platform_0/system_wrapper.bit"
21:12:24 INFO  : ps7_init is completed.
21:12:24 INFO  : ps7_post_config is completed.
21:19:42 INFO  : System reset is completed.
21:19:44 INFO  : FPGA configured successfully with bitstream "C:/ERTS_repo/Assignment_2/lab3/lab3.sdk/system_wrapper_hw_platform_0/system_wrapper.bit"
21:19:47 INFO  : ps7_init is completed.
21:19:47 INFO  : ps7_post_config is completed.
21:21:00 INFO  : Connected to target on host '127.0.0.1' and port '3121'.
21:21:01 INFO  : 'targets -set -filter {jtag_cable_name =~ "Digilent Zybo 210279A6A710A" && level==0} -index 1' command is executed.
21:21:03 INFO  : FPGA configured successfully with bitstream "C:/ERTS_repo/Assignment_2/lab3/lab3.sdk/system_wrapper_hw_platform_1/system_wrapper.bit"
21:21:27 INFO  : System reset is completed.
21:21:29 INFO  : FPGA configured successfully with bitstream "C:/ERTS_repo/Assignment_2/lab3/lab3.sdk/system_wrapper_hw_platform_0/system_wrapper.bit"
21:21:30 INFO  : ps7_init is completed.
21:21:30 INFO  : ps7_post_config is completed.
21:22:26 INFO  : Processor reset is completed for ps7_cortexa9_0
21:23:12 INFO  : System reset is completed.
21:23:14 INFO  : FPGA configured successfully with bitstream "C:/ERTS_repo/Assignment_2/lab3/lab3.sdk/system_wrapper_hw_platform_0/system_wrapper.bit"
21:23:15 INFO  : ps7_init is completed.
21:23:15 INFO  : ps7_post_config is completed.
21:25:14 INFO  : ps7_cortexa9_0 Processor is in use. Please stop existing Run or Debug sessions before launching.
21:25:19 INFO  : System reset is completed.
21:25:23 INFO  : FPGA configured successfully with bitstream "C:/ERTS_repo/Assignment_2/lab3/lab3.sdk/system_wrapper_hw_platform_0/system_wrapper.bit"
21:25:24 INFO  : ps7_init is completed.
21:25:24 INFO  : ps7_post_config is completed.
21:25:24 INFO  : ps7_debug is completed.
21:26:30 INFO  : ps7_cortexa9_0 Processor is in use. Please stop existing Run or Debug sessions before launching.
21:26:36 INFO  : System reset is completed.
21:26:45 INFO  : FPGA configured successfully with bitstream "C:/ERTS_repo/Assignment_2/lab3/lab3.sdk/system_wrapper_hw_platform_0/system_wrapper.bit"
21:26:46 INFO  : ps7_init is completed.
21:26:46 INFO  : ps7_post_config is completed.
21:26:46 INFO  : ps7_debug is completed.
21:31:55 INFO  : Refreshed build settings on project lab4
21:31:55 INFO  : Refreshed build settings on project part3
21:38:45 INFO  : System reset is completed.
21:38:47 INFO  : FPGA configured successfully with bitstream "C:/ERTS_repo/Assignment_2/lab3/lab3.sdk/system_wrapper_hw_platform_0/system_wrapper.bit"
21:38:47 INFO  : ps7_init is completed.
21:38:48 INFO  : ps7_post_config is completed.
21:39:44 INFO  : Refreshed build settings on project lab4
21:39:44 INFO  : Refreshed build settings on project part3
21:41:48 INFO  : ps7_cortexa9_0 Processor is in use. Please stop existing Run or Debug sessions before launching.
21:41:52 INFO  : System reset is completed.
21:41:54 INFO  : FPGA configured successfully with bitstream "C:/ERTS_repo/Assignment_2/lab3/lab3.sdk/system_wrapper_hw_platform_0/system_wrapper.bit"
21:41:54 INFO  : ps7_init is completed.
21:41:54 INFO  : ps7_post_config is completed.
21:43:08 ERROR : Unexpected error while parsing XMD response ?: com.google.gson.JsonSyntaxException: com.google.gson.stream.MalformedJsonException: invalid number or unquoted string near 
22:00:51 INFO  : Launching XSCT server: xsct.bat -interactive C:\ERTS_repo\Assignment_2\lab3\lab3.sdk\temp_xsdb_launch_script.tcl
22:00:53 INFO  : XSCT server has started successfully.
22:00:59 INFO  : Successfully done setting XSCT server connection channel  
22:00:59 INFO  : Successfully done setting SDK workspace  
22:01:10 INFO  : Registering command handlers for SDK TCF services
22:01:10 INFO  : Processing command line option -hwspec C:/ERTS_repo/Assignment_2/lab3/lab3.sdk/system_wrapper.hdf.
22:01:15 INFO  : Checking for hwspec changes in the project system_wrapper_hw_platform_1.
