20:03:11 INFO  : Registering command handlers for SDK TCF services
20:03:11 INFO  : Launching XSCT server: xsct.bat -interactive C:\ERTS_repo\Project\Xilinx\ML_MNIST\ML_MNIST.sdk\temp_xsdb_launch_script.tcl
20:03:18 INFO  : XSCT server has started successfully.
20:03:18 INFO  : Successfully done setting XSCT server connection channel  
20:03:30 INFO  : Successfully done setting SDK workspace  
20:03:30 INFO  : Processing command line option -hwspec C:/ERTS_repo/Project/Xilinx/ML_MNIST/ML_MNIST.sdk/system_wrapper.hdf.
20:43:21 INFO  : Example project standalone_bsp_0_xgpio_example_1 has been created successfully.
20:44:14 INFO  : Example project standalone_bsp_0_xgpio_example_2 has been created successfully.
21:05:01 INFO  : System reset is completed.
21:05:03 INFO  : FPGA configured successfully with bitstream "C:/ERTS_repo/Project/Xilinx/ML_MNIST/ML_MNIST.sdk/system_wrapper_hw_platform_0/system_wrapper.bit"
21:05:07 ERROR : Unexpected error while launching program.
java.lang.RuntimeException: Failed to download ELF file


    AP transaction error (DP CTRL_STAT=0xf0000021)
    Error Address = 0x00100000, Size = 0x00000004


	at com.xilinx.sdk.targetmanager.internal.TM.downloadELF(TM.java:686)
	at com.xilinx.sdk.debug.core.internal.AppRunner.run(AppRunner.java:129)
	at com.xilinx.sdk.debug.core.XilinxAppLaunchConfigurationDelegate.runApplication(XilinxAppLaunchConfigurationDelegate.java:637)
	at com.xilinx.sdk.debug.core.XilinxAppLaunchConfigurationDelegate.launch(XilinxAppLaunchConfigurationDelegate.java:309)
	at com.xilinx.sdk.debug.ui.XilinxAppLaunchDelegateWrapper.launch(XilinxAppLaunchDelegateWrapper.java:31)
	at org.eclipse.debug.internal.core.LaunchConfiguration.launch(LaunchConfiguration.java:885)
	at org.eclipse.debug.internal.core.LaunchConfiguration.launch(LaunchConfiguration.java:739)
	at org.eclipse.debug.internal.ui.DebugUIPlugin.buildAndLaunch(DebugUIPlugin.java:1039)
	at org.eclipse.debug.internal.ui.DebugUIPlugin$8.run(DebugUIPlugin.java:1256)
	at org.eclipse.core.internal.jobs.Worker.run(Worker.java:55)
21:05:45 INFO  : Connected to target on host '127.0.0.1' and port '3121'.
21:05:46 INFO  : 'targets -set -filter {jtag_cable_name =~ "Digilent Zybo 210279A6A710A" && level==0} -index 1' command is executed.
21:05:47 INFO  : FPGA configured successfully with bitstream "C:/ERTS_repo/Project/Xilinx/ML_MNIST/ML_MNIST.sdk/system_wrapper_hw_platform_0/system_wrapper.bit"
21:07:27 INFO  : Connected to target on host '127.0.0.1' and port '3121'.
21:07:27 INFO  : 'targets -set -filter {jtag_cable_name =~ "Digilent Zybo 210279A6A710A" && level==0} -index 1' command is executed.
21:07:29 INFO  : FPGA configured successfully with bitstream "C:/ERTS_repo/Project/Xilinx/ML_MNIST/ML_MNIST.sdk/system_wrapper_hw_platform_0/system_wrapper.bit"
21:33:23 INFO  : Registering command handlers for SDK TCF services
21:33:23 INFO  : Launching XSCT server: xsct.bat -interactive C:\ERTS_repo\Project\Xilinx\ML_MNIST\ML_MNIST.sdk\temp_xsdb_launch_script.tcl
21:33:32 INFO  : XSCT server has started successfully.
21:33:43 INFO  : Processing command line option -hwspec C:/ERTS_repo/Project/Xilinx/ML_MNIST/ML_MNIST.sdk/system_wrapper.hdf.
21:33:43 INFO  : Successfully done setting XSCT server connection channel  
21:33:43 INFO  : Checking for hwspec changes in the project system_wrapper_hw_platform_0.
21:33:47 INFO  : Successfully done setting SDK workspace  
21:37:33 INFO  : Processor reset is completed for ps7_cortexa9_0
21:38:26 ERROR : Unexpected error while parsing XMD response ?: com.google.gson.JsonSyntaxException: com.google.gson.stream.MalformedJsonException: invalid number or unquoted string near 
21:45:46 INFO  : Launching XSCT server: xsct.bat -interactive C:\ERTS_repo\Project\Xilinx\ML_MNIST\ML_MNIST.sdk\temp_xsdb_launch_script.tcl
21:45:48 INFO  : XSCT server has started successfully.
21:45:48 INFO  : Successfully done setting XSCT server connection channel  
21:45:54 INFO  : Successfully done setting SDK workspace  
21:46:04 INFO  : Registering command handlers for SDK TCF services
21:46:04 INFO  : Processing command line option -hwspec C:/ERTS_repo/Project/Xilinx/ML_MNIST/ML_MNIST.sdk/system_wrapper.hdf.
21:46:08 INFO  : Checking for hwspec changes in the project system_wrapper_hw_platform_0.
21:46:45 INFO  : Processor reset is completed for ps7_cortexa9_0
21:48:37 INFO  : Processor reset is completed for ps7_cortexa9_0
21:51:52 INFO  : Processor reset is completed for ps7_cortexa9_0
21:52:31 INFO  : Processor reset is completed for ps7_cortexa9_0
22:39:45 ERROR : Unexpected error while parsing XMD response ?: com.google.gson.JsonSyntaxException: com.google.gson.stream.MalformedJsonException: invalid number or unquoted string near 
22:40:17 INFO  : Registering command handlers for SDK TCF services
22:40:17 INFO  : Launching XSCT server: xsct.bat -interactive C:\ERTS_repo\Project\Xilinx\ML_MNIST\ML_MNIST.sdk\temp_xsdb_launch_script.tcl
22:40:27 INFO  : XSCT server has started successfully.
22:40:39 INFO  : Processing command line option -hwspec C:/ERTS_repo/Project/Xilinx/ML_MNIST/ML_MNIST.sdk/system_wrapper.hdf.
22:40:39 INFO  : Successfully done setting XSCT server connection channel  
22:40:40 INFO  : Checking for hwspec changes in the project system_wrapper_hw_platform_0.
22:40:43 INFO  : Successfully done setting SDK workspace  
22:41:05 INFO  : SDK has detected change in the last modified timestamps for source hardware specification file Source:1577741866735,  Project:1577732154900
22:41:05 INFO  : Project system_wrapper_hw_platform_0's source hardware specification located at C:/ERTS_repo/Project/Xilinx/ML_MNIST/ML_MNIST.sdk/system_wrapper.hdf is now different from the local copy.
		 The local copy will be replaced with the source specification and your workspace will be updated.
22:41:38 INFO  : Copied contents of C:/ERTS_repo/Project/Xilinx/ML_MNIST/ML_MNIST.sdk/system_wrapper.hdf into \system_wrapper_hw_platform_0\system.hdf.
22:41:43 INFO  : Synchronizing projects in the workspace with the hardware platform specification changes.
22:41:45 INFO  : Clearing existing target manager status.
22:41:47 INFO  : Workspace synchronized with the new hardware specification file. Cleaning dependent projects...
22:41:47 WARN  : Linker script will not be updated automatically. Users need to update it manually.
22:46:54 INFO  : Launching XSCT server: xsct.bat -interactive C:\ERTS_repo\Project\Xilinx\ML_MNIST\ML_MNIST.sdk\temp_xsdb_launch_script.tcl
22:46:56 INFO  : XSCT server has started successfully.
22:54:28 INFO  : System reset is completed.
22:54:30 INFO  : FPGA configured successfully with bitstream "C:/ERTS_repo/Project/Xilinx/ML_MNIST/ML_MNIST.sdk/system_wrapper_hw_platform_0/system_wrapper.bit"
22:54:32 INFO  : ps7_init is completed.
22:54:32 INFO  : ps7_post_config is completed.
23:20:04 INFO  : System reset is completed.
23:20:07 INFO  : FPGA configured successfully with bitstream "C:/ERTS_repo/Project/Xilinx/ML_MNIST/ML_MNIST.sdk/system_wrapper_hw_platform_0/system_wrapper.bit"
23:20:09 INFO  : ps7_init is completed.
23:20:10 INFO  : ps7_post_config is completed.
23:21:49 INFO  : ps7_cortexa9_0 Processor is in use. Please stop existing Run or Debug sessions before launching.
23:21:53 INFO  : System reset is completed.
23:21:55 INFO  : FPGA configured successfully with bitstream "C:/ERTS_repo/Project/Xilinx/ML_MNIST/ML_MNIST.sdk/system_wrapper_hw_platform_0/system_wrapper.bit"
23:21:55 INFO  : ps7_init is completed.
23:21:55 INFO  : ps7_post_config is completed.
23:39:15 INFO  : ps7_cortexa9_0 Processor is in use. Please stop existing Run or Debug sessions before launching.
23:39:17 INFO  : System reset is completed.
23:39:20 INFO  : FPGA configured successfully with bitstream "C:/ERTS_repo/Project/Xilinx/ML_MNIST/ML_MNIST.sdk/system_wrapper_hw_platform_0/system_wrapper.bit"
23:39:21 INFO  : ps7_init is completed.
23:39:21 INFO  : ps7_post_config is completed.
23:39:50 INFO  : System reset is completed.
23:39:53 INFO  : FPGA configured successfully with bitstream "C:/ERTS_repo/Project/Xilinx/ML_MNIST/ML_MNIST.sdk/system_wrapper_hw_platform_0/system_wrapper.bit"
23:39:54 INFO  : ps7_init is completed.
23:39:54 INFO  : ps7_post_config is completed.
23:40:48 INFO  : ps7_cortexa9_0 Processor is in use. Please stop existing Run or Debug sessions before launching.
23:40:51 INFO  : System reset is completed.
23:40:52 INFO  : FPGA configured successfully with bitstream "C:/ERTS_repo/Project/Xilinx/ML_MNIST/ML_MNIST.sdk/system_wrapper_hw_platform_0/system_wrapper.bit"
23:40:53 INFO  : ps7_init is completed.
23:40:53 INFO  : ps7_post_config is completed.
23:41:12 INFO  : System reset is completed.
23:41:14 INFO  : FPGA configured successfully with bitstream "C:/ERTS_repo/Project/Xilinx/ML_MNIST/ML_MNIST.sdk/system_wrapper_hw_platform_0/system_wrapper.bit"
23:41:17 INFO  : ps7_init is completed.
23:41:17 INFO  : ps7_post_config is completed.
23:41:40 INFO  : ps7_cortexa9_0 Processor is in use. Please stop existing Run or Debug sessions before launching.
23:41:42 INFO  : System reset is completed.
23:41:43 INFO  : FPGA configured successfully with bitstream "C:/ERTS_repo/Project/Xilinx/ML_MNIST/ML_MNIST.sdk/system_wrapper_hw_platform_0/system_wrapper.bit"
23:41:44 INFO  : ps7_init is completed.
23:41:44 INFO  : ps7_post_config is completed.
23:42:27 INFO  : ps7_cortexa9_0 Processor is in use. Please stop existing Run or Debug sessions before launching.
23:42:30 INFO  : System reset is completed.
23:42:32 INFO  : FPGA configured successfully with bitstream "C:/ERTS_repo/Project/Xilinx/ML_MNIST/ML_MNIST.sdk/system_wrapper_hw_platform_0/system_wrapper.bit"
23:42:33 INFO  : ps7_init is completed.
23:42:33 INFO  : ps7_post_config is completed.
23:44:59 INFO  : System reset is completed.
23:45:01 INFO  : FPGA configured successfully with bitstream "C:/ERTS_repo/Project/Xilinx/ML_MNIST/ML_MNIST.sdk/system_wrapper_hw_platform_0/system_wrapper.bit"
23:45:03 INFO  : ps7_init is completed.
23:45:03 INFO  : ps7_post_config is completed.
23:45:39 INFO  : ps7_cortexa9_0 Processor is in use. Please stop existing Run or Debug sessions before launching.
23:45:41 INFO  : System reset is completed.
23:45:44 INFO  : FPGA configured successfully with bitstream "C:/ERTS_repo/Project/Xilinx/ML_MNIST/ML_MNIST.sdk/system_wrapper_hw_platform_0/system_wrapper.bit"
23:45:45 INFO  : ps7_init is completed.
23:45:45 INFO  : ps7_post_config is completed.
23:46:13 INFO  : System reset is completed.
23:46:14 INFO  : FPGA configured successfully with bitstream "C:/ERTS_repo/Project/Xilinx/ML_MNIST/ML_MNIST.sdk/system_wrapper_hw_platform_0/system_wrapper.bit"
23:46:17 INFO  : ps7_init is completed.
23:46:17 INFO  : ps7_post_config is completed.
23:46:33 INFO  : ps7_cortexa9_0 Processor is in use. Please stop existing Run or Debug sessions before launching.
23:46:36 INFO  : System reset is completed.
23:46:38 INFO  : FPGA configured successfully with bitstream "C:/ERTS_repo/Project/Xilinx/ML_MNIST/ML_MNIST.sdk/system_wrapper_hw_platform_0/system_wrapper.bit"
23:46:39 INFO  : ps7_init is completed.
23:46:39 INFO  : ps7_post_config is completed.
23:47:34 ERROR : Unexpected error while parsing XMD response ?: com.google.gson.JsonSyntaxException: com.google.gson.stream.MalformedJsonException: invalid number or unquoted string near 
23:48:27 INFO  : Registering command handlers for SDK TCF services
23:48:27 INFO  : Launching XSCT server: xsct.bat -interactive C:\ERTS_repo\Project\Xilinx\ML_MNIST\ML_MNIST.sdk\temp_xsdb_launch_script.tcl
23:48:35 INFO  : XSCT server has started successfully.
23:48:44 INFO  : Processing command line option -hwspec C:/ERTS_repo/Project/Xilinx/ML_MNIST/ML_MNIST.sdk/system_wrapper.hdf.
23:48:44 INFO  : Successfully done setting XSCT server connection channel  
23:48:44 INFO  : Checking for hwspec changes in the project system_wrapper_hw_platform_0.
23:48:46 INFO  : Successfully done setting SDK workspace  
23:49:12 INFO  : System reset is completed.
23:49:13 INFO  : FPGA configured successfully with bitstream "C:/ERTS_repo/Project/Xilinx/ML_MNIST/ML_MNIST.sdk/system_wrapper_hw_platform_0/system_wrapper.bit"
23:49:15 INFO  : ps7_init is completed.
23:49:15 INFO  : ps7_post_config is completed.
23:50:08 INFO  : No changes in MSS file content so not generating sources.
23:51:06 INFO  : ps7_cortexa9_0 Processor is in use. Please stop existing Run or Debug sessions before launching.
23:51:08 INFO  : System reset is completed.
23:51:10 INFO  : FPGA configured successfully with bitstream "C:/ERTS_repo/Project/Xilinx/ML_MNIST/ML_MNIST.sdk/system_wrapper_hw_platform_0/system_wrapper.bit"
23:51:11 INFO  : ps7_init is completed.
23:51:11 INFO  : ps7_post_config is completed.
23:51:24 ERROR : Unexpected error while parsing XMD response ?: com.google.gson.JsonSyntaxException: com.google.gson.stream.MalformedJsonException: invalid number or unquoted string near 
12:23:38 INFO  : Registering command handlers for SDK TCF services
12:23:38 INFO  : Launching XSCT server: xsct.bat -interactive C:\ERTS_repo\Project\Xilinx\ML_MNIST\ML_MNIST.sdk\temp_xsdb_launch_script.tcl
12:23:44 INFO  : XSCT server has started successfully.
12:23:54 INFO  : Successfully done setting XSCT server connection channel  
12:23:54 INFO  : Processing command line option -hwspec C:/ERTS_repo/Project/Xilinx/ML_MNIST/ML_MNIST.sdk/system_wrapper.hdf.
12:23:54 INFO  : Successfully done setting SDK workspace  
12:23:54 INFO  : Checking for hwspec changes in the project system_wrapper_hw_platform_0.
12:28:44 INFO  : System reset is completed.
12:28:46 INFO  : FPGA configured successfully with bitstream "C:/ERTS_repo/Project/Xilinx/ML_MNIST/ML_MNIST.sdk/system_wrapper_hw_platform_0/system_wrapper.bit"
12:28:48 INFO  : ps7_init is completed.
12:28:49 INFO  : ps7_post_config is completed.
12:29:16 INFO  : System reset is completed.
12:29:18 INFO  : FPGA configured successfully with bitstream "C:/ERTS_repo/Project/Xilinx/ML_MNIST/ML_MNIST.sdk/system_wrapper_hw_platform_0/system_wrapper.bit"
12:29:19 INFO  : ps7_init is completed.
12:29:19 INFO  : ps7_post_config is completed.
12:30:01 INFO  : System reset is completed.
12:30:02 INFO  : FPGA configured successfully with bitstream "C:/ERTS_repo/Project/Xilinx/ML_MNIST/ML_MNIST.sdk/system_wrapper_hw_platform_0/system_wrapper.bit"
12:30:04 INFO  : ps7_init is completed.
12:30:04 INFO  : ps7_post_config is completed.
12:30:04 ERROR : Port COM4 is already in use.
12:30:24 INFO  : System reset is completed.
12:30:26 INFO  : FPGA configured successfully with bitstream "C:/ERTS_repo/Project/Xilinx/ML_MNIST/ML_MNIST.sdk/system_wrapper_hw_platform_0/system_wrapper.bit"
12:30:27 INFO  : ps7_init is completed.
12:30:27 INFO  : ps7_post_config is completed.
12:30:51 INFO  : System reset is completed.
12:30:52 INFO  : FPGA configured successfully with bitstream "C:/ERTS_repo/Project/Xilinx/ML_MNIST/ML_MNIST.sdk/system_wrapper_hw_platform_0/system_wrapper.bit"
12:30:54 INFO  : ps7_init is completed.
12:30:54 INFO  : ps7_post_config is completed.
12:32:04 INFO  : ps7_cortexa9_0 Processor is in use. Please stop existing Run or Debug sessions before launching.
12:32:11 INFO  : System reset is completed.
12:32:13 INFO  : FPGA configured successfully with bitstream "C:/ERTS_repo/Project/Xilinx/ML_MNIST/ML_MNIST.sdk/system_wrapper_hw_platform_0/system_wrapper.bit"
12:32:13 INFO  : ps7_init is completed.
12:32:14 INFO  : ps7_post_config is completed.
12:32:39 INFO  : ps7_cortexa9_0 Processor is in use. Please stop existing Run or Debug sessions before launching.
12:32:42 INFO  : System reset is completed.
12:32:43 INFO  : FPGA configured successfully with bitstream "C:/ERTS_repo/Project/Xilinx/ML_MNIST/ML_MNIST.sdk/system_wrapper_hw_platform_0/system_wrapper.bit"
12:32:44 INFO  : ps7_init is completed.
12:32:44 INFO  : ps7_post_config is completed.
12:33:18 INFO  : System reset is completed.
12:33:19 INFO  : FPGA configured successfully with bitstream "C:/ERTS_repo/Project/Xilinx/ML_MNIST/ML_MNIST.sdk/system_wrapper_hw_platform_0/system_wrapper.bit"
12:33:21 INFO  : ps7_init is completed.
12:33:21 INFO  : ps7_post_config is completed.
12:33:21 ERROR : Port COM4 is already in use.
12:33:29 INFO  : System reset is completed.
12:33:31 INFO  : FPGA configured successfully with bitstream "C:/ERTS_repo/Project/Xilinx/ML_MNIST/ML_MNIST.sdk/system_wrapper_hw_platform_0/system_wrapper.bit"
12:33:32 INFO  : ps7_init is completed.
12:33:32 INFO  : ps7_post_config is completed.
12:33:43 INFO  : ps7_cortexa9_0 Processor is in use. Please stop existing Run or Debug sessions before launching.
12:33:45 INFO  : System reset is completed.
12:33:47 INFO  : FPGA configured successfully with bitstream "C:/ERTS_repo/Project/Xilinx/ML_MNIST/ML_MNIST.sdk/system_wrapper_hw_platform_0/system_wrapper.bit"
12:33:47 INFO  : ps7_init is completed.
12:33:47 INFO  : ps7_post_config is completed.
12:34:09 INFO  : ps7_cortexa9_0 Processor is in use. Please stop existing Run or Debug sessions before launching.
12:34:12 INFO  : System reset is completed.
12:34:14 INFO  : FPGA configured successfully with bitstream "C:/ERTS_repo/Project/Xilinx/ML_MNIST/ML_MNIST.sdk/system_wrapper_hw_platform_0/system_wrapper.bit"
12:34:14 INFO  : ps7_init is completed.
12:34:14 INFO  : ps7_post_config is completed.
12:34:38 INFO  : System reset is completed.
12:34:39 INFO  : FPGA configured successfully with bitstream "C:/ERTS_repo/Project/Xilinx/ML_MNIST/ML_MNIST.sdk/system_wrapper_hw_platform_0/system_wrapper.bit"
12:34:41 INFO  : ps7_init is completed.
12:34:41 INFO  : ps7_post_config is completed.
12:36:21 INFO  : System reset is completed.
12:36:22 INFO  : FPGA configured successfully with bitstream "C:/ERTS_repo/Project/Xilinx/ML_MNIST/ML_MNIST.sdk/system_wrapper_hw_platform_0/system_wrapper.bit"
12:36:24 INFO  : ps7_init is completed.
12:36:24 INFO  : ps7_post_config is completed.
12:36:24 ERROR : Port COM4 is already in use.
12:36:30 INFO  : System reset is completed.
12:36:31 INFO  : FPGA configured successfully with bitstream "C:/ERTS_repo/Project/Xilinx/ML_MNIST/ML_MNIST.sdk/system_wrapper_hw_platform_0/system_wrapper.bit"
12:36:32 INFO  : ps7_init is completed.
12:36:32 INFO  : ps7_post_config is completed.
12:38:34 INFO  : System reset is completed.
12:38:36 INFO  : FPGA configured successfully with bitstream "C:/ERTS_repo/Project/Xilinx/ML_MNIST/ML_MNIST.sdk/system_wrapper_hw_platform_0/system_wrapper.bit"
12:38:38 INFO  : ps7_init is completed.
12:38:38 INFO  : ps7_post_config is completed.
12:40:03 INFO  : System reset is completed.
12:40:04 INFO  : FPGA configured successfully with bitstream "C:/ERTS_repo/Project/Xilinx/ML_MNIST/ML_MNIST.sdk/system_wrapper_hw_platform_0/system_wrapper.bit"
12:40:06 INFO  : ps7_init is completed.
12:40:06 INFO  : ps7_post_config is completed.
12:41:45 INFO  : System reset is completed.
12:41:46 INFO  : FPGA configured successfully with bitstream "C:/ERTS_repo/Project/Xilinx/ML_MNIST/ML_MNIST.sdk/system_wrapper_hw_platform_0/system_wrapper.bit"
12:41:48 INFO  : ps7_init is completed.
12:41:48 INFO  : ps7_post_config is completed.
12:41:48 ERROR : Port COM4 is already in use.
12:41:54 INFO  : System reset is completed.
12:41:55 INFO  : FPGA configured successfully with bitstream "C:/ERTS_repo/Project/Xilinx/ML_MNIST/ML_MNIST.sdk/system_wrapper_hw_platform_0/system_wrapper.bit"
12:41:56 INFO  : ps7_init is completed.
12:41:56 INFO  : ps7_post_config is completed.
12:43:13 INFO  : System reset is completed.
12:43:14 INFO  : FPGA configured successfully with bitstream "C:/ERTS_repo/Project/Xilinx/ML_MNIST/ML_MNIST.sdk/system_wrapper_hw_platform_0/system_wrapper.bit"
12:43:16 INFO  : ps7_init is completed.
12:43:16 INFO  : ps7_post_config is completed.
12:43:16 ERROR : Port COM4 is already in use.
12:43:22 INFO  : System reset is completed.
12:43:23 INFO  : FPGA configured successfully with bitstream "C:/ERTS_repo/Project/Xilinx/ML_MNIST/ML_MNIST.sdk/system_wrapper_hw_platform_0/system_wrapper.bit"
12:43:24 INFO  : ps7_init is completed.
12:43:24 INFO  : ps7_post_config is completed.
12:44:30 INFO  : System reset is completed.
12:44:31 INFO  : FPGA configured successfully with bitstream "C:/ERTS_repo/Project/Xilinx/ML_MNIST/ML_MNIST.sdk/system_wrapper_hw_platform_0/system_wrapper.bit"
12:44:33 INFO  : ps7_init is completed.
12:44:33 INFO  : ps7_post_config is completed.
12:46:32 INFO  : System reset is completed.
12:46:33 INFO  : FPGA configured successfully with bitstream "C:/ERTS_repo/Project/Xilinx/ML_MNIST/ML_MNIST.sdk/system_wrapper_hw_platform_0/system_wrapper.bit"
12:46:35 INFO  : ps7_init is completed.
12:46:35 INFO  : ps7_post_config is completed.
12:46:35 ERROR : Port COM4 is already in use.
12:46:41 INFO  : System reset is completed.
12:46:42 INFO  : FPGA configured successfully with bitstream "C:/ERTS_repo/Project/Xilinx/ML_MNIST/ML_MNIST.sdk/system_wrapper_hw_platform_0/system_wrapper.bit"
12:46:43 INFO  : ps7_init is completed.
12:46:43 INFO  : ps7_post_config is completed.
12:50:37 INFO  : System reset is completed.
12:50:38 INFO  : FPGA configured successfully with bitstream "C:/ERTS_repo/Project/Xilinx/ML_MNIST/ML_MNIST.sdk/system_wrapper_hw_platform_0/system_wrapper.bit"
12:50:40 INFO  : ps7_init is completed.
12:50:40 INFO  : ps7_post_config is completed.
12:50:40 ERROR : Port COM4 is already in use.
12:50:46 INFO  : System reset is completed.
12:50:47 INFO  : FPGA configured successfully with bitstream "C:/ERTS_repo/Project/Xilinx/ML_MNIST/ML_MNIST.sdk/system_wrapper_hw_platform_0/system_wrapper.bit"
12:50:49 INFO  : ps7_init is completed.
12:50:49 INFO  : ps7_post_config is completed.
12:52:37 INFO  : System reset is completed.
12:52:38 INFO  : FPGA configured successfully with bitstream "C:/ERTS_repo/Project/Xilinx/ML_MNIST/ML_MNIST.sdk/system_wrapper_hw_platform_0/system_wrapper.bit"
12:52:40 INFO  : ps7_init is completed.
12:52:40 INFO  : ps7_post_config is completed.
12:53:17 INFO  : System reset is completed.
12:53:18 INFO  : FPGA configured successfully with bitstream "C:/ERTS_repo/Project/Xilinx/ML_MNIST/ML_MNIST.sdk/system_wrapper_hw_platform_0/system_wrapper.bit"
12:53:20 INFO  : ps7_init is completed.
12:53:20 INFO  : ps7_post_config is completed.
12:53:20 ERROR : Port COM4 is already in use.
12:53:24 INFO  : System reset is completed.
12:53:26 INFO  : FPGA configured successfully with bitstream "C:/ERTS_repo/Project/Xilinx/ML_MNIST/ML_MNIST.sdk/system_wrapper_hw_platform_0/system_wrapper.bit"
12:53:27 INFO  : ps7_init is completed.
12:53:27 INFO  : ps7_post_config is completed.
12:59:59 INFO  : System reset is completed.
13:00:00 INFO  : FPGA configured successfully with bitstream "C:/ERTS_repo/Project/Xilinx/ML_MNIST/ML_MNIST.sdk/system_wrapper_hw_platform_0/system_wrapper.bit"
13:00:03 INFO  : ps7_init is completed.
13:00:03 INFO  : ps7_post_config is completed.
13:26:42 INFO  : SDK has detected change in the last modified timestamps for source hardware specification file Source:1577795180431,  Project:1577741866735
13:26:42 INFO  : Project system_wrapper_hw_platform_0's source hardware specification located at C:/ERTS_repo/Project/Xilinx/ML_MNIST/ML_MNIST.sdk/system_wrapper.hdf is now different from the local copy.
		 The local copy will be replaced with the source specification and your workspace will be updated.
13:27:49 INFO  : Project system_wrapper_hw_platform_0's source hardware specification location will not be monitored anymore.
13:27:55 ERROR : Unexpected error while parsing XMD response ?: com.google.gson.JsonSyntaxException: com.google.gson.stream.MalformedJsonException: invalid number or unquoted string near 
13:28:47 INFO  : Registering command handlers for SDK TCF services
13:28:47 INFO  : Launching XSCT server: xsct.bat -interactive C:\ERTS_repo\Project\Xilinx\ML_MNIST\ML_MNIST.sdk\temp_xsdb_launch_script.tcl
13:28:52 INFO  : XSCT server has started successfully.
13:29:02 INFO  : Processing command line option -hwspec C:/ERTS_repo/Project/Xilinx/ML_MNIST/ML_MNIST.sdk/system_wrapper.hdf.
13:29:02 INFO  : Successfully done setting XSCT server connection channel  
13:29:04 INFO  : Successfully done setting SDK workspace  
13:32:48 INFO  : Inferring section assignments and sizes from elf file: C:\ERTS_repo\Project\Xilinx\ML_MNIST\ML_MNIST.sdk\classifierApp\Debug\classifierApp.elf
13:32:59 INFO  : Successfully generated C:\ERTS_repo\Project\Xilinx\ML_MNIST\ML_MNIST.sdk\classifierApp\src\lscript.ld.
13:32:59 INFO  : Applying linker script to all configurations of project classifierApp.
13:32:59 INFO  : Setting rebuild state to true for all configurations of project classifierApp.
13:49:31 INFO  : Launching XSCT server: xsct.bat -interactive C:\ERTS_repo\Project\Xilinx\ML_MNIST\ML_MNIST.sdk\temp_xsdb_launch_script.tcl
13:49:33 INFO  : XSCT server has started successfully.
14:00:55 INFO  : System reset is completed.
14:00:56 INFO  : FPGA configured successfully with bitstream "C:/ERTS_repo/Project/Xilinx/ML_MNIST/ML_MNIST.sdk/system_wrapper_hw_platform_1/system_wrapper.bit"
14:00:58 INFO  : ps7_init is completed.
14:00:58 INFO  : ps7_post_config is completed.
14:00:58 ERROR : Port COM4 is already in use.
14:01:07 INFO  : System reset is completed.
14:01:09 INFO  : FPGA configured successfully with bitstream "C:/ERTS_repo/Project/Xilinx/ML_MNIST/ML_MNIST.sdk/system_wrapper_hw_platform_1/system_wrapper.bit"
14:01:10 INFO  : ps7_init is completed.
14:01:10 INFO  : ps7_post_config is completed.
14:01:53 INFO  : System reset is completed.
14:01:54 INFO  : FPGA configured successfully with bitstream "C:/ERTS_repo/Project/Xilinx/ML_MNIST/ML_MNIST.sdk/system_wrapper_hw_platform_1/system_wrapper.bit"
14:01:56 INFO  : ps7_init is completed.
14:01:56 INFO  : ps7_post_config is completed.
14:01:56 ERROR : Port COM4 is already in use.
14:02:02 INFO  : System reset is completed.
14:02:03 INFO  : FPGA configured successfully with bitstream "C:/ERTS_repo/Project/Xilinx/ML_MNIST/ML_MNIST.sdk/system_wrapper_hw_platform_1/system_wrapper.bit"
14:02:04 INFO  : ps7_init is completed.
14:02:04 INFO  : ps7_post_config is completed.
14:03:06 INFO  : System reset is completed.
14:03:07 INFO  : FPGA configured successfully with bitstream "C:/ERTS_repo/Project/Xilinx/ML_MNIST/ML_MNIST.sdk/system_wrapper_hw_platform_1/system_wrapper.bit"
14:03:09 INFO  : ps7_init is completed.
14:03:09 INFO  : ps7_post_config is completed.
14:03:09 ERROR : Port COM4 is already in use.
14:03:14 INFO  : System reset is completed.
14:03:17 INFO  : FPGA configured successfully with bitstream "C:/ERTS_repo/Project/Xilinx/ML_MNIST/ML_MNIST.sdk/system_wrapper_hw_platform_1/system_wrapper.bit"
14:03:17 INFO  : ps7_init is completed.
14:03:17 INFO  : ps7_post_config is completed.
14:03:22 INFO  : System reset is completed.
14:03:24 INFO  : FPGA configured successfully with bitstream "C:/ERTS_repo/Project/Xilinx/ML_MNIST/ML_MNIST.sdk/system_wrapper_hw_platform_1/system_wrapper.bit"
14:03:25 INFO  : ps7_init is completed.
14:03:25 INFO  : ps7_post_config is completed.
14:04:03 INFO  : System reset is completed.
14:04:05 INFO  : FPGA configured successfully with bitstream "C:/ERTS_repo/Project/Xilinx/ML_MNIST/ML_MNIST.sdk/system_wrapper_hw_platform_1/system_wrapper.bit"
14:04:07 INFO  : ps7_init is completed.
14:04:07 INFO  : ps7_post_config is completed.
14:04:35 INFO  : System reset is completed.
14:04:36 INFO  : FPGA configured successfully with bitstream "C:/ERTS_repo/Project/Xilinx/ML_MNIST/ML_MNIST.sdk/system_wrapper_hw_platform_1/system_wrapper.bit"
14:04:38 INFO  : ps7_init is completed.
14:04:38 INFO  : ps7_post_config is completed.
14:04:38 ERROR : Port COM4 is already in use.
14:04:44 INFO  : System reset is completed.
14:04:45 INFO  : FPGA configured successfully with bitstream "C:/ERTS_repo/Project/Xilinx/ML_MNIST/ML_MNIST.sdk/system_wrapper_hw_platform_1/system_wrapper.bit"
14:04:46 INFO  : ps7_init is completed.
14:04:46 INFO  : ps7_post_config is completed.
14:07:18 INFO  : System reset is completed.
14:07:19 INFO  : FPGA configured successfully with bitstream "C:/ERTS_repo/Project/Xilinx/ML_MNIST/ML_MNIST.sdk/system_wrapper_hw_platform_1/system_wrapper.bit"
14:07:22 INFO  : ps7_init is completed.
14:07:22 INFO  : ps7_post_config is completed.
14:08:23 INFO  : System reset is completed.
14:08:24 INFO  : FPGA configured successfully with bitstream "C:/ERTS_repo/Project/Xilinx/ML_MNIST/ML_MNIST.sdk/system_wrapper_hw_platform_1/system_wrapper.bit"
14:08:26 INFO  : ps7_init is completed.
14:08:27 INFO  : ps7_post_config is completed.
14:39:49 INFO  : System reset is completed.
14:39:50 INFO  : FPGA configured successfully with bitstream "C:/ERTS_repo/Project/Xilinx/ML_MNIST/ML_MNIST.sdk/system_wrapper_hw_platform_1/system_wrapper.bit"
14:39:52 INFO  : ps7_init is completed.
14:39:52 INFO  : ps7_post_config is completed.
14:42:10 INFO  : System reset is completed.
14:42:11 INFO  : FPGA configured successfully with bitstream "C:/ERTS_repo/Project/Xilinx/ML_MNIST/ML_MNIST.sdk/system_wrapper_hw_platform_1/system_wrapper.bit"
14:42:13 INFO  : ps7_init is completed.
14:42:13 INFO  : ps7_post_config is completed.
14:42:13 INFO  : ps7_debug is completed.
14:42:36 INFO  : System reset is completed.
14:42:37 INFO  : FPGA configured successfully with bitstream "C:/ERTS_repo/Project/Xilinx/ML_MNIST/ML_MNIST.sdk/system_wrapper_hw_platform_1/system_wrapper.bit"
14:42:38 INFO  : ps7_init is completed.
14:42:38 INFO  : ps7_post_config is completed.
15:00:08 INFO  : SDK has detected change in the last modified timestamps for source hardware specification file Source:1577800636935,  Project:1577795180431
15:00:08 INFO  : Project system_wrapper_hw_platform_1's source hardware specification located at C:/ERTS_repo/Project/Xilinx/ML_MNIST/ML_MNIST.sdk/system_wrapper.hdf is now different from the local copy.
		 The local copy will be replaced with the source specification and your workspace will be updated.
15:00:20 INFO  : Copied contents of C:/ERTS_repo/Project/Xilinx/ML_MNIST/ML_MNIST.sdk/system_wrapper.hdf into \system_wrapper_hw_platform_1\system.hdf.
15:00:24 INFO  : Synchronizing projects in the workspace with the hardware platform specification changes.
15:00:29 INFO  : 
15:00:29 INFO  : Updating hardware inferred compiler options for ClassifyApp.
15:00:29 INFO  : Clearing existing target manager status.
15:00:29 INFO  : Closing and re-opening the MSS file of ther project standalone_bsp_2
15:00:31 INFO  : Closing and re-opening the MSS file of ther project standalone_bsp_2
15:00:31 INFO  : Closing and re-opening the MSS file of ther project standalone_bsp_2
15:00:32 INFO  : Closing and re-opening the MSS file of ther project standalone_bsp_2
15:00:32 INFO  : Closing and re-opening the MSS file of ther project standalone_bsp_2
15:00:32 INFO  : Closing and re-opening the MSS file of ther project standalone_bsp_2
15:00:33 INFO  : Workspace synchronized with the new hardware specification file. Cleaning dependent projects...
15:00:36 WARN  : Linker script will not be updated automatically. Users need to update it manually.
15:03:14 INFO  : System reset is completed.
15:03:15 INFO  : FPGA configured successfully with bitstream "C:/ERTS_repo/Project/Xilinx/ML_MNIST/ML_MNIST.sdk/system_wrapper_hw_platform_1/system_wrapper.bit"
15:03:17 INFO  : ps7_init is completed.
15:03:17 INFO  : ps7_post_config is completed.
15:03:17 ERROR : Port COM4 is already in use.
15:03:22 INFO  : ps7_cortexa9_0 Processor is in use. Please stop existing Run or Debug sessions before launching.
15:03:24 INFO  : System reset is completed.
15:03:26 INFO  : FPGA configured successfully with bitstream "C:/ERTS_repo/Project/Xilinx/ML_MNIST/ML_MNIST.sdk/system_wrapper_hw_platform_1/system_wrapper.bit"
15:03:27 INFO  : ps7_init is completed.
15:03:27 INFO  : ps7_post_config is completed.
15:07:54 INFO  : System reset is completed.
15:07:55 INFO  : FPGA configured successfully with bitstream "C:/ERTS_repo/Project/Xilinx/ML_MNIST/ML_MNIST.sdk/system_wrapper_hw_platform_1/system_wrapper.bit"
15:07:58 INFO  : ps7_init is completed.
15:07:58 INFO  : ps7_post_config is completed.
15:18:38 INFO  : System reset is completed.
15:18:39 INFO  : FPGA configured successfully with bitstream "C:/ERTS_repo/Project/Xilinx/ML_MNIST/ML_MNIST.sdk/system_wrapper_hw_platform_1/system_wrapper.bit"
15:18:41 INFO  : ps7_init is completed.
15:18:41 INFO  : ps7_post_config is completed.
15:18:41 ERROR : Port COM4 is already in use.
15:18:54 INFO  : ps7_cortexa9_0 Processor is in use. Please stop existing Run or Debug sessions before launching.
15:19:07 INFO  : System reset is completed.
15:19:09 INFO  : FPGA configured successfully with bitstream "C:/ERTS_repo/Project/Xilinx/ML_MNIST/ML_MNIST.sdk/system_wrapper_hw_platform_1/system_wrapper.bit"
15:19:09 INFO  : ps7_init is completed.
15:19:09 INFO  : ps7_post_config is completed.
15:21:12 INFO  : ps7_cortexa9_0 Processor is in use. Please stop existing Run or Debug sessions before launching.
15:21:14 INFO  : System reset is completed.
15:21:16 INFO  : FPGA configured successfully with bitstream "C:/ERTS_repo/Project/Xilinx/ML_MNIST/ML_MNIST.sdk/system_wrapper_hw_platform_1/system_wrapper.bit"
15:21:17 INFO  : ps7_init is completed.
15:21:17 INFO  : ps7_post_config is completed.
15:21:52 INFO  : ps7_cortexa9_0 Processor is in use. Please stop existing Run or Debug sessions before launching.
15:21:53 INFO  : System reset is completed.
15:21:55 INFO  : FPGA configured successfully with bitstream "C:/ERTS_repo/Project/Xilinx/ML_MNIST/ML_MNIST.sdk/system_wrapper_hw_platform_1/system_wrapper.bit"
15:21:56 INFO  : ps7_init is completed.
15:21:56 INFO  : ps7_post_config is completed.
15:22:19 INFO  : ps7_cortexa9_0 Processor is in use. Please stop existing Run or Debug sessions before launching.
15:22:22 INFO  : System reset is completed.
15:22:24 INFO  : FPGA configured successfully with bitstream "C:/ERTS_repo/Project/Xilinx/ML_MNIST/ML_MNIST.sdk/system_wrapper_hw_platform_1/system_wrapper.bit"
15:22:24 INFO  : ps7_init is completed.
15:22:24 INFO  : ps7_post_config is completed.
15:28:53 INFO  : System reset is completed.
15:28:55 INFO  : FPGA configured successfully with bitstream "C:/ERTS_repo/Project/Xilinx/ML_MNIST/ML_MNIST.sdk/system_wrapper_hw_platform_1/system_wrapper.bit"
15:28:55 INFO  : ps7_init is completed.
15:28:55 INFO  : ps7_post_config is completed.
15:29:41 INFO  : ps7_cortexa9_0 Processor is in use. Please stop existing Run or Debug sessions before launching.
15:29:43 INFO  : System reset is completed.
15:29:45 INFO  : FPGA configured successfully with bitstream "C:/ERTS_repo/Project/Xilinx/ML_MNIST/ML_MNIST.sdk/system_wrapper_hw_platform_1/system_wrapper.bit"
15:29:46 INFO  : ps7_init is completed.
15:29:46 INFO  : ps7_post_config is completed.
15:30:05 INFO  : ps7_cortexa9_0 Processor is in use. Please stop existing Run or Debug sessions before launching.
15:30:06 INFO  : System reset is completed.
15:30:08 INFO  : FPGA configured successfully with bitstream "C:/ERTS_repo/Project/Xilinx/ML_MNIST/ML_MNIST.sdk/system_wrapper_hw_platform_1/system_wrapper.bit"
15:30:09 INFO  : ps7_init is completed.
15:30:09 INFO  : ps7_post_config is completed.
15:30:36 INFO  : System reset is completed.
15:30:37 INFO  : FPGA configured successfully with bitstream "C:/ERTS_repo/Project/Xilinx/ML_MNIST/ML_MNIST.sdk/system_wrapper_hw_platform_1/system_wrapper.bit"
15:30:39 INFO  : ps7_init is completed.
15:30:39 INFO  : ps7_post_config is completed.
15:31:04 INFO  : System reset is completed.
15:31:06 INFO  : FPGA configured successfully with bitstream "C:/ERTS_repo/Project/Xilinx/ML_MNIST/ML_MNIST.sdk/system_wrapper_hw_platform_1/system_wrapper.bit"
15:31:07 INFO  : ps7_init is completed.
15:31:07 INFO  : ps7_post_config is completed.
15:31:07 ERROR : Port COM4 is already in use.
15:31:10 INFO  : ps7_cortexa9_0 Processor is in use. Please stop existing Run or Debug sessions before launching.
15:31:12 INFO  : System reset is completed.
15:31:13 INFO  : FPGA configured successfully with bitstream "C:/ERTS_repo/Project/Xilinx/ML_MNIST/ML_MNIST.sdk/system_wrapper_hw_platform_1/system_wrapper.bit"
15:31:14 INFO  : ps7_init is completed.
15:31:15 INFO  : ps7_post_config is completed.
15:32:06 INFO  : System reset is completed.
15:32:07 INFO  : FPGA configured successfully with bitstream "C:/ERTS_repo/Project/Xilinx/ML_MNIST/ML_MNIST.sdk/system_wrapper_hw_platform_1/system_wrapper.bit"
15:32:09 INFO  : ps7_init is completed.
15:32:09 INFO  : ps7_post_config is completed.
15:32:09 ERROR : Port COM4 is already in use.
15:32:15 INFO  : System reset is completed.
15:32:16 INFO  : FPGA configured successfully with bitstream "C:/ERTS_repo/Project/Xilinx/ML_MNIST/ML_MNIST.sdk/system_wrapper_hw_platform_1/system_wrapper.bit"
15:32:17 INFO  : ps7_init is completed.
15:32:17 INFO  : ps7_post_config is completed.
15:33:05 INFO  : System reset is completed.
15:33:06 INFO  : FPGA configured successfully with bitstream "C:/ERTS_repo/Project/Xilinx/ML_MNIST/ML_MNIST.sdk/system_wrapper_hw_platform_1/system_wrapper.bit"
15:33:08 INFO  : ps7_init is completed.
15:33:08 INFO  : ps7_post_config is completed.
15:33:08 ERROR : Port COM4 is already in use.
15:33:14 INFO  : System reset is completed.
15:33:15 INFO  : FPGA configured successfully with bitstream "C:/ERTS_repo/Project/Xilinx/ML_MNIST/ML_MNIST.sdk/system_wrapper_hw_platform_1/system_wrapper.bit"
15:33:16 INFO  : ps7_init is completed.
15:33:16 INFO  : ps7_post_config is completed.
15:33:36 INFO  : System reset is completed.
15:33:37 INFO  : FPGA configured successfully with bitstream "C:/ERTS_repo/Project/Xilinx/ML_MNIST/ML_MNIST.sdk/system_wrapper_hw_platform_1/system_wrapper.bit"
15:33:39 INFO  : ps7_init is completed.
15:33:40 INFO  : ps7_post_config is completed.
15:34:02 INFO  : System reset is completed.
15:34:03 INFO  : FPGA configured successfully with bitstream "C:/ERTS_repo/Project/Xilinx/ML_MNIST/ML_MNIST.sdk/system_wrapper_hw_platform_1/system_wrapper.bit"
15:34:05 INFO  : ps7_init is completed.
15:34:05 INFO  : ps7_post_config is completed.
15:34:05 ERROR : Port COM4 is already in use.
15:34:09 INFO  : ps7_cortexa9_0 Processor is in use. Please stop existing Run or Debug sessions before launching.
15:34:11 INFO  : System reset is completed.
15:34:13 INFO  : FPGA configured successfully with bitstream "C:/ERTS_repo/Project/Xilinx/ML_MNIST/ML_MNIST.sdk/system_wrapper_hw_platform_1/system_wrapper.bit"
15:34:14 INFO  : ps7_init is completed.
15:34:14 INFO  : ps7_post_config is completed.
15:45:46 INFO  : System reset is completed.
15:45:47 INFO  : FPGA configured successfully with bitstream "C:/ERTS_repo/Project/Xilinx/ML_MNIST/ML_MNIST.sdk/system_wrapper_hw_platform_1/system_wrapper.bit"
15:45:49 INFO  : ps7_init is completed.
15:45:49 INFO  : ps7_post_config is completed.
15:45:49 ERROR : Port COM4 is already in use.
15:45:57 INFO  : System reset is completed.
15:45:59 INFO  : FPGA configured successfully with bitstream "C:/ERTS_repo/Project/Xilinx/ML_MNIST/ML_MNIST.sdk/system_wrapper_hw_platform_1/system_wrapper.bit"
15:45:59 INFO  : ps7_init is completed.
15:46:00 INFO  : ps7_post_config is completed.
15:46:52 INFO  : System reset is completed.
15:46:53 INFO  : FPGA configured successfully with bitstream "C:/ERTS_repo/Project/Xilinx/ML_MNIST/ML_MNIST.sdk/system_wrapper_hw_platform_1/system_wrapper.bit"
15:46:55 INFO  : ps7_init is completed.
15:46:55 INFO  : ps7_post_config is completed.
15:46:55 ERROR : Port COM4 is already in use.
15:46:58 INFO  : ps7_cortexa9_0 Processor is in use. Please stop existing Run or Debug sessions before launching.
15:47:01 INFO  : System reset is completed.
15:47:03 INFO  : FPGA configured successfully with bitstream "C:/ERTS_repo/Project/Xilinx/ML_MNIST/ML_MNIST.sdk/system_wrapper_hw_platform_1/system_wrapper.bit"
15:47:04 INFO  : ps7_init is completed.
15:47:04 INFO  : ps7_post_config is completed.
15:58:59 ERROR : Unexpected error while parsing XMD response ?: com.google.gson.JsonSyntaxException: com.google.gson.stream.MalformedJsonException: invalid number or unquoted string near 
23:48:39 INFO  : Registering command handlers for SDK TCF services
23:48:39 INFO  : Launching XSCT server: xsct.bat -interactive C:\ERTS_repo\Project\Xilinx\ML_MNIST\ML_MNIST.sdk\temp_xsdb_launch_script.tcl
23:48:44 INFO  : XSCT server has started successfully.
23:48:56 INFO  : Successfully done setting XSCT server connection channel  
23:48:56 INFO  : Successfully done setting SDK workspace  
23:51:43 INFO  : System reset is completed.
23:51:45 INFO  : FPGA configured successfully with bitstream "C:/ERTS_repo/Project/Xilinx/ML_MNIST/ML_MNIST.sdk/system_wrapper_hw_platform_1/system_wrapper.bit"
23:51:47 INFO  : ps7_init is completed.
23:51:47 INFO  : ps7_post_config is completed.
23:59:00 INFO  : System reset is completed.
23:59:01 INFO  : FPGA configured successfully with bitstream "C:/ERTS_repo/Project/Xilinx/ML_MNIST/ML_MNIST.sdk/system_wrapper_hw_platform_1/system_wrapper.bit"
23:59:03 INFO  : ps7_init is completed.
23:59:03 INFO  : ps7_post_config is completed.
23:59:03 ERROR : Port COM4 is already in use.
23:59:09 INFO  : System reset is completed.
23:59:11 INFO  : FPGA configured successfully with bitstream "C:/ERTS_repo/Project/Xilinx/ML_MNIST/ML_MNIST.sdk/system_wrapper_hw_platform_1/system_wrapper.bit"
23:59:11 INFO  : ps7_init is completed.
23:59:11 INFO  : ps7_post_config is completed.
00:06:13 INFO  : System reset is completed.
00:06:14 INFO  : FPGA configured successfully with bitstream "C:/ERTS_repo/Project/Xilinx/ML_MNIST/ML_MNIST.sdk/system_wrapper_hw_platform_1/system_wrapper.bit"
00:06:16 INFO  : ps7_init is completed.
00:06:16 INFO  : ps7_post_config is completed.
00:09:28 INFO  : System reset is completed.
00:09:29 INFO  : FPGA configured successfully with bitstream "C:/ERTS_repo/Project/Xilinx/ML_MNIST/ML_MNIST.sdk/system_wrapper_hw_platform_1/system_wrapper.bit"
00:09:31 INFO  : ps7_init is completed.
00:09:31 INFO  : ps7_post_config is completed.
00:11:15 INFO  : System reset is completed.
00:11:16 INFO  : FPGA configured successfully with bitstream "C:/ERTS_repo/Project/Xilinx/ML_MNIST/ML_MNIST.sdk/system_wrapper_hw_platform_1/system_wrapper.bit"
00:11:19 INFO  : ps7_init is completed.
00:11:19 INFO  : ps7_post_config is completed.
10:37:34 ERROR : Unexpected error while launching program.
com.xilinx.sdk.targetmanager.TMException: 
    Unknown Error Occured
    Cable is not connected to the host

	at com.xilinx.sdk.targetmanager.internal.TM.connectToProcessor(TM.java:484)
	at com.xilinx.sdk.debug.core.XilinxAppLaunchConfigurationDelegate.runTargetSetup(XilinxAppLaunchConfigurationDelegate.java:464)
	at com.xilinx.sdk.debug.core.XilinxAppLaunchConfigurationDelegate.runApplication(XilinxAppLaunchConfigurationDelegate.java:616)
	at com.xilinx.sdk.debug.core.XilinxAppLaunchConfigurationDelegate.launch(XilinxAppLaunchConfigurationDelegate.java:309)
	at com.xilinx.sdk.debug.ui.XilinxAppLaunchDelegateWrapper.launch(XilinxAppLaunchDelegateWrapper.java:31)
	at org.eclipse.debug.internal.core.LaunchConfiguration.launch(LaunchConfiguration.java:885)
	at org.eclipse.debug.internal.core.LaunchConfiguration.launch(LaunchConfiguration.java:739)
	at org.eclipse.debug.internal.ui.DebugUIPlugin.buildAndLaunch(DebugUIPlugin.java:1039)
	at org.eclipse.debug.internal.ui.DebugUIPlugin$8.run(DebugUIPlugin.java:1256)
	at org.eclipse.core.internal.jobs.Worker.run(Worker.java:55)
10:38:10 INFO  : System reset is completed.
10:38:11 INFO  : FPGA configured successfully with bitstream "C:/ERTS_repo/Project/Xilinx/ML_MNIST/ML_MNIST.sdk/system_wrapper_hw_platform_1/system_wrapper.bit"
10:38:12 INFO  : ps7_init is completed.
10:38:12 INFO  : ps7_post_config is completed.
10:39:40 INFO  : ps7_cortexa9_0 Processor is in use. Please stop existing Run or Debug sessions before launching.
10:39:43 INFO  : System reset is completed.
10:39:44 INFO  : FPGA configured successfully with bitstream "C:/ERTS_repo/Project/Xilinx/ML_MNIST/ML_MNIST.sdk/system_wrapper_hw_platform_1/system_wrapper.bit"
10:39:45 INFO  : ps7_init is completed.
10:39:45 INFO  : ps7_post_config is completed.
10:43:08 INFO  : ps7_cortexa9_0 Processor is in use. Please stop existing Run or Debug sessions before launching.
10:43:13 INFO  : System reset is completed.
10:43:15 INFO  : FPGA configured successfully with bitstream "C:/ERTS_repo/Project/Xilinx/ML_MNIST/ML_MNIST.sdk/system_wrapper_hw_platform_1/system_wrapper.bit"
10:43:15 INFO  : ps7_init is completed.
10:43:15 INFO  : ps7_post_config is completed.
10:43:31 INFO  : ps7_cortexa9_0 Processor is in use. Please stop existing Run or Debug sessions before launching.
10:43:33 INFO  : System reset is completed.
10:43:34 INFO  : FPGA configured successfully with bitstream "C:/ERTS_repo/Project/Xilinx/ML_MNIST/ML_MNIST.sdk/system_wrapper_hw_platform_1/system_wrapper.bit"
10:43:35 INFO  : ps7_init is completed.
10:43:35 INFO  : ps7_post_config is completed.
10:45:16 INFO  : ps7_cortexa9_0 Processor is in use. Please stop existing Run or Debug sessions before launching.
10:45:18 INFO  : System reset is completed.
10:45:20 INFO  : FPGA configured successfully with bitstream "C:/ERTS_repo/Project/Xilinx/ML_MNIST/ML_MNIST.sdk/system_wrapper_hw_platform_1/system_wrapper.bit"
10:45:20 INFO  : ps7_init is completed.
10:45:20 INFO  : ps7_post_config is completed.
10:46:58 INFO  : ps7_cortexa9_0 Processor is in use. Please stop existing Run or Debug sessions before launching.
10:47:00 INFO  : System reset is completed.
10:47:02 INFO  : FPGA configured successfully with bitstream "C:/ERTS_repo/Project/Xilinx/ML_MNIST/ML_MNIST.sdk/system_wrapper_hw_platform_1/system_wrapper.bit"
10:47:03 INFO  : ps7_init is completed.
10:47:03 INFO  : ps7_post_config is completed.
10:50:48 INFO  : ps7_cortexa9_0 Processor is in use. Please stop existing Run or Debug sessions before launching.
10:52:50 INFO  : ps7_cortexa9_0 Processor is in use. Please stop existing Run or Debug sessions before launching.
10:52:52 INFO  : System reset is completed.
10:52:54 INFO  : FPGA configured successfully with bitstream "C:/ERTS_repo/Project/Xilinx/ML_MNIST/ML_MNIST.sdk/system_wrapper_hw_platform_1/system_wrapper.bit"
10:52:54 INFO  : ps7_init is completed.
10:52:54 INFO  : ps7_post_config is completed.
11:57:10 INFO  : System reset is completed.
11:57:12 INFO  : FPGA configured successfully with bitstream "C:/ERTS_repo/Project/Xilinx/ML_MNIST/ML_MNIST.sdk/system_wrapper_hw_platform_1/system_wrapper.bit"
11:57:13 INFO  : ps7_init is completed.
11:57:13 INFO  : ps7_post_config is completed.
11:57:13 ERROR : Port COM4 is already in use.
11:57:20 INFO  : System reset is completed.
11:57:22 INFO  : FPGA configured successfully with bitstream "C:/ERTS_repo/Project/Xilinx/ML_MNIST/ML_MNIST.sdk/system_wrapper_hw_platform_1/system_wrapper.bit"
11:57:23 INFO  : ps7_init is completed.
11:57:23 INFO  : ps7_post_config is completed.
12:01:24 ERROR : Unexpected error while launching program.
com.xilinx.sdk.targetmanager.TMException: 
    Unknown Error Occured
    Cable is not connected to the host

	at com.xilinx.sdk.targetmanager.internal.TM.connectToProcessor(TM.java:484)
	at com.xilinx.sdk.debug.core.XilinxAppLaunchConfigurationDelegate.runTargetSetup(XilinxAppLaunchConfigurationDelegate.java:464)
	at com.xilinx.sdk.debug.core.XilinxAppLaunchConfigurationDelegate.runApplication(XilinxAppLaunchConfigurationDelegate.java:616)
	at com.xilinx.sdk.debug.core.XilinxAppLaunchConfigurationDelegate.launch(XilinxAppLaunchConfigurationDelegate.java:309)
	at com.xilinx.sdk.debug.ui.XilinxAppLaunchDelegateWrapper.launch(XilinxAppLaunchDelegateWrapper.java:31)
	at org.eclipse.debug.internal.core.LaunchConfiguration.launch(LaunchConfiguration.java:885)
	at org.eclipse.debug.internal.core.LaunchConfiguration.launch(LaunchConfiguration.java:739)
	at org.eclipse.debug.internal.ui.DebugUIPlugin.buildAndLaunch(DebugUIPlugin.java:1039)
	at org.eclipse.debug.internal.ui.DebugUIPlugin$8.run(DebugUIPlugin.java:1256)
	at org.eclipse.core.internal.jobs.Worker.run(Worker.java:55)
12:01:34 INFO  : System reset is completed.
12:01:37 INFO  : FPGA configured successfully with bitstream "C:/ERTS_repo/Project/Xilinx/ML_MNIST/ML_MNIST.sdk/system_wrapper_hw_platform_1/system_wrapper.bit"
12:01:38 INFO  : ps7_init is completed.
12:01:38 INFO  : ps7_post_config is completed.
12:02:15 INFO  : ps7_cortexa9_0 Processor is in use. Please stop existing Run or Debug sessions before launching.
12:02:19 INFO  : System reset is completed.
12:02:20 INFO  : FPGA configured successfully with bitstream "C:/ERTS_repo/Project/Xilinx/ML_MNIST/ML_MNIST.sdk/system_wrapper_hw_platform_1/system_wrapper.bit"
12:02:21 INFO  : ps7_init is completed.
12:02:21 INFO  : ps7_post_config is completed.
13:43:23 INFO  : System reset is completed.
13:43:25 INFO  : FPGA configured successfully with bitstream "C:/ERTS_repo/Project/Xilinx/ML_MNIST/ML_MNIST.sdk/system_wrapper_hw_platform_1/system_wrapper.bit"
13:43:26 INFO  : ps7_init is completed.
13:43:26 INFO  : ps7_post_config is completed.
13:51:15 INFO  : System reset is completed.
13:51:16 INFO  : FPGA configured successfully with bitstream "C:/ERTS_repo/Project/Xilinx/ML_MNIST/ML_MNIST.sdk/system_wrapper_hw_platform_1/system_wrapper.bit"
13:51:18 INFO  : ps7_init is completed.
13:51:18 INFO  : ps7_post_config is completed.
14:13:14 ERROR : Unexpected error while parsing XMD response ?: com.google.gson.JsonSyntaxException: com.google.gson.stream.MalformedJsonException: invalid number or unquoted string near 
