#-----------------------------------------------------------
# xsim v2017.2 (64-bit)
# SW Build 1909853 on Thu Jun 15 18:39:09 MDT 2017
# IP Build 1909766 on Thu Jun 15 19:58:00 MDT 2017
# Start of session at: Mon Dec 30 17:00:49 2019
# Process ID: 28976
# Current directory: C:/ERTS_repo/Project/Xilinx_hls/neural/neural.prj/solution1/sim/vhdl
# Command line: xsim.exe -mode tcl -source {xsim.dir/classify/xsim_script.tcl}
# Log file: C:/ERTS_repo/Project/Xilinx_hls/neural/neural.prj/solution1/sim/vhdl/xsim.log
# Journal file: C:/ERTS_repo/Project/Xilinx_hls/neural/neural.prj/solution1/sim/vhdl\xsim.jou
#-----------------------------------------------------------
source xsim.dir/classify/xsim_script.tcl
# xsim {classify} -autoloadwcfg -tclbatch {classify.tcl}
Vivado Simulator 2017.2
Time resolution is 1 ps
source classify.tcl
## run all
Note: simulation done!
Time: 47964 ns  Iteration: 1  Process: /apatb_classify_top/generate_sim_done_proc  File: C:/ERTS_repo/Project/Xilinx_hls/neural/neural.prj/solution1/sim/vhdl/classify.autotb.vhd
Failure: NORMAL EXIT (note: failure is to force the simulator to stop)
Time: 47964 ns  Iteration: 1  Process: /apatb_classify_top/generate_sim_done_proc  File: C:/ERTS_repo/Project/Xilinx_hls/neural/neural.prj/solution1/sim/vhdl/classify.autotb.vhd
$finish called at time : 47964 ns
## quit
INFO: [Common 17-206] Exiting xsim at Mon Dec 30 17:00:54 2019...
