#-----------------------------------------------------------
# Vivado v2017.2 (64-bit)
# SW Build 1909853 on Thu Jun 15 18:39:09 MDT 2017
# IP Build 1909766 on Thu Jun 15 19:58:00 MDT 2017
# Start of session at: Mon Dec 30 19:15:53 2019
# Process ID: 27688
# Current directory: C:/ERTS_repo/Assignment_2/vivado_2_7
# Command line: vivado.exe -gui_launcher_event rodinguilauncherevent27704 C:\ERTS_repo\Assignment_2\vivado_2_7\vivado_2_7.xpr
# Log file: C:/ERTS_repo/Assignment_2/vivado_2_7/vivado.log
# Journal file: C:/ERTS_repo/Assignment_2/vivado_2_7\vivado.jou
#-----------------------------------------------------------
start_gui
open_project C:/ERTS_repo/Assignment_2/vivado_2_7/vivado_2_7.xpr
Scanning sources...
Finished scanning sources
WARNING: [filemgmt 56-3] IPUserFilesDir: Could not find the directory 'C:/ERTS_repo/Assignment_2/vivado_2_7/vivado_2_7.ip_user_files'.
INFO: [IP_Flow 19-234] Refreshing IP repositories
INFO: [IP_Flow 19-1700] Loaded user IP repository 'c:/ERTS_repo/Assignment_2/SC_IO_test/SC_IO/solution1/impl/ip'.
INFO: [IP_Flow 19-2313] Loaded Vivado IP repository 'C:/Xilinx/Vivado/2017.2/data/ip'.
WARNING: [IP_Flow 19-3664] IP 'system_processing_system7_0_0' generated file not found 'c:/ERTS_repo/Assignment_2/vivado_2_7/vivado_2_7.srcs/sources_1/bd/system/ip/system_processing_system7_0_0/sim/libps7.so'. Please regenerate to continue.
WARNING: [IP_Flow 19-3664] IP 'system_processing_system7_0_0' generated file not found 'c:/ERTS_repo/Assignment_2/vivado_2_7/vivado_2_7.srcs/sources_1/bd/system/ip/system_processing_system7_0_0/sim/libps7.dll'. Please regenerate to continue.
WARNING: [IP_Flow 19-3664] IP 'system_processing_system7_0_0' generated file not found 'c:/ERTS_repo/Assignment_2/vivado_2_7/vivado_2_7.srcs/sources_1/bd/system/ip/system_processing_system7_0_0/sim/libremoteport.so'. Please regenerate to continue.
WARNING: [IP_Flow 19-3664] IP 'system_processing_system7_0_0' generated file not found 'c:/ERTS_repo/Assignment_2/vivado_2_7/vivado_2_7.srcs/sources_1/bd/system/ip/system_processing_system7_0_0/sim/libremoteport.dll'. Please regenerate to continue.
open_project: Time (s): cpu = 00:00:23 ; elapsed = 00:00:13 . Memory (MB): peak = 775.785 ; gain = 55.125
update_compile_order -fileset sources_1
open_bd_design {C:/ERTS_repo/Assignment_2/vivado_2_7/vivado_2_7.srcs/sources_1/bd/system/system.bd}
Adding cell -- xilinx.com:ip:processing_system7:5.5 - processing_system7_0
Adding cell -- xilinx.com:ip:proc_sys_reset:5.0 - rst_ps7_0_100M
Adding cell -- xilinx.com:hls:iosc:1.0 - iosc_0
Adding cell -- xilinx.com:ip:axi_crossbar:2.1 - xbar
Adding cell -- xilinx.com:ip:axi_protocol_converter:2.1 - auto_pc
Successfully read diagram <system> from BD file <C:/ERTS_repo/Assignment_2/vivado_2_7/vivado_2_7.srcs/sources_1/bd/system/system.bd>
open_bd_design: Time (s): cpu = 00:00:11 ; elapsed = 00:00:10 . Memory (MB): peak = 862.320 ; gain = 81.949
INFO: [Vivado 12-4158] Exported Hardware file is out of date. Exported hardware information may be inconsistent with respect to the current state of the design. It is recommended that you re-export the design and launch SDK otherwise SDK is launched with out of date hardware system file.
launch_sdk -workspace C:/ERTS_repo/Assignment_2/vivado_2_7/vivado_2_7.sdk -hwspec C:/ERTS_repo/Assignment_2/vivado_2_7/vivado_2_7.sdk/system_wrapper.hdf
INFO: [Vivado 12-393] Launching SDK...
INFO: [Vivado 12-417] Running xsdk -workspace C:/ERTS_repo/Assignment_2/vivado_2_7/vivado_2_7.sdk -hwspec C:/ERTS_repo/Assignment_2/vivado_2_7/vivado_2_7.sdk/system_wrapper.hdf
INFO: [Vivado 12-3157] SDK launch initiated. Please check console for any further messages.
