Copyright 1986-2017 Xilinx, Inc. All Rights Reserved.
----------------------------------------------------------------------------------------------------------------------------------------------------------------
| Tool Version     : Vivado v.2017.2 (win64) Build 1909853 Thu Jun 15 18:39:09 MDT 2017
| Date             : Tue Dec 31 14:56:49 2019
| Host             : DESKTOP-A2UBRF5 running 64-bit major release  (build 9200)
| Command          : report_power -file system_wrapper_power_routed.rpt -pb system_wrapper_power_summary_routed.pb -rpx system_wrapper_power_routed.rpx
| Design           : system_wrapper
| Device           : xc7z010clg400-1
| Design State     : routed
| Grade            : commercial
| Process          : typical
| Characterization : Production
----------------------------------------------------------------------------------------------------------------------------------------------------------------

Power Report

Table of Contents
-----------------
1. Summary
1.1 On-Chip Components
1.2 Power Supply Summary
1.3 Confidence Level
2. Settings
2.1 Environment
2.2 Clock Constraints
3. Detailed Reports
3.1 By Hierarchy

1. Summary
----------

+--------------------------+-------+
| Total On-Chip Power (W)  | 1.732 |
| Dynamic (W)              | 1.604 |
| Device Static (W)        | 0.128 |
| Effective TJA (C/W)      | 11.5  |
| Max Ambient (C)          | 65.0  |
| Junction Temperature (C) | 45.0  |
| Confidence Level         | Low   |
| Setting File             | ---   |
| Simulation Activity File | ---   |
| Design Nets Matched      | NA    |
+--------------------------+-------+


1.1 On-Chip Components
----------------------

+--------------------------+-----------+----------+-----------+-----------------+
| On-Chip                  | Power (W) | Used     | Available | Utilization (%) |
+--------------------------+-----------+----------+-----------+-----------------+
| Clocks                   |     0.009 |        3 |       --- |             --- |
| Slice Logic              |     0.011 |     5032 |       --- |             --- |
|   LUT as Logic           |     0.010 |     2127 |     17600 |           12.09 |
|   CARRY4                 |    <0.001 |      166 |      4400 |            3.77 |
|   Register               |    <0.001 |     1878 |     35200 |            5.34 |
|   LUT as Distributed RAM |    <0.001 |       32 |      6000 |            0.53 |
|   F7/F8 Muxes            |    <0.001 |        8 |     17600 |            0.05 |
|   LUT as Shift Register  |    <0.001 |       62 |      6000 |            1.03 |
|   Others                 |     0.000 |      320 |       --- |             --- |
| Signals                  |     0.027 |     4812 |       --- |             --- |
| Block RAM                |     0.009 |        3 |        60 |            5.00 |
| DSPs                     |     0.039 |       33 |        80 |           41.25 |
| I/O                      |    <0.001 |        8 |       100 |            8.00 |
| PS7                      |     1.509 |        1 |       --- |             --- |
| Static Power             |     0.128 |          |           |                 |
| Total                    |     1.732 |          |           |                 |
+--------------------------+-----------+----------+-----------+-----------------+


1.2 Power Supply Summary
------------------------

+-----------+-------------+-----------+-------------+------------+
| Source    | Voltage (V) | Total (A) | Dynamic (A) | Static (A) |
+-----------+-------------+-----------+-------------+------------+
| Vccint    |       1.000 |     0.101 |       0.094 |      0.007 |
| Vccaux    |       1.800 |     0.012 |       0.000 |      0.012 |
| Vcco33    |       3.300 |     0.000 |       0.000 |      0.000 |
| Vcco25    |       2.500 |     0.000 |       0.000 |      0.000 |
| Vcco18    |       1.800 |     0.000 |       0.000 |      0.000 |
| Vcco15    |       1.500 |     0.000 |       0.000 |      0.000 |
| Vcco135   |       1.350 |     0.000 |       0.000 |      0.000 |
| Vcco12    |       1.200 |     0.000 |       0.000 |      0.000 |
| Vccaux_io |       1.800 |     0.000 |       0.000 |      0.000 |
| Vccbram   |       1.000 |     0.001 |       0.001 |      0.001 |
| MGTAVcc   |       1.000 |     0.000 |       0.000 |      0.000 |
| MGTAVtt   |       1.200 |     0.000 |       0.000 |      0.000 |
| MGTVccaux |       1.800 |     0.000 |       0.000 |      0.000 |
| Vccpint   |       1.000 |     0.739 |       0.708 |      0.031 |
| Vccpaux   |       1.800 |     0.060 |       0.050 |      0.010 |
| Vccpll    |       1.800 |     0.018 |       0.015 |      0.003 |
| Vcco_ddr  |       1.500 |     0.458 |       0.456 |      0.002 |
| Vcco_mio0 |       3.300 |     0.001 |       0.000 |      0.001 |
| Vcco_mio1 |       1.800 |     0.001 |       0.000 |      0.001 |
| Vccadc    |       1.800 |     0.020 |       0.000 |      0.020 |
+-----------+-------------+-----------+-------------+------------+


1.3 Confidence Level
--------------------

+-----------------------------+------------+--------------------------------------------------------+------------------------------------------------------------------------------------------------------------+
| User Input Data             | Confidence | Details                                                | Action                                                                                                     |
+-----------------------------+------------+--------------------------------------------------------+------------------------------------------------------------------------------------------------------------+
| Design implementation state | High       | Design is routed                                       |                                                                                                            |
| Clock nodes activity        | High       | User specified more than 95% of clocks                 |                                                                                                            |
| I/O nodes activity          | Low        | More than 75% of inputs are missing user specification | Provide missing input activity with simulation results or by editing the "By Resource Type -> I/Os" view   |
| Internal nodes activity     | Medium     | User specified less than 25% of internal nodes         | Provide missing internal nodes activity with simulation results or by editing the "By Resource Type" views |
| Device models               | High       | Device models are Production                           |                                                                                                            |
|                             |            |                                                        |                                                                                                            |
| Overall confidence level    | Low        |                                                        |                                                                                                            |
+-----------------------------+------------+--------------------------------------------------------+------------------------------------------------------------------------------------------------------------+


2. Settings
-----------

2.1 Environment
---------------

+-----------------------+------------------------+
| Ambient Temp (C)      | 25.0                   |
| ThetaJA (C/W)         | 11.5                   |
| Airflow (LFM)         | 250                    |
| Heat Sink             | none                   |
| ThetaSA (C/W)         | 0.0                    |
| Board Selection       | medium (10"x10")       |
| # of Board Layers     | 8to11 (8 to 11 Layers) |
| Board Temperature (C) | 25.0                   |
+-----------------------+------------------------+


2.2 Clock Constraints
---------------------

+------------+-----------------------------------------------------------+-----------------+
| Clock      | Domain                                                    | Constraint (ns) |
+------------+-----------------------------------------------------------+-----------------+
| clk_fpga_0 | system_i/processing_system7_0/inst/FCLK_CLK_unbuffered[0] |            10.0 |
+------------+-----------------------------------------------------------+-----------------+


3. Detailed Reports
-------------------

3.1 By Hierarchy
----------------

+--------------------------------------------------+-----------+
| Name                                             | Power (W) |
+--------------------------------------------------+-----------+
| system_wrapper                                   |     1.604 |
|   system_i                                       |     1.604 |
|     axi_gpio_0                                   |    <0.001 |
|       U0                                         |    <0.001 |
|         AXI_LITE_IPIF_I                          |    <0.001 |
|           I_SLAVE_ATTACHMENT                     |    <0.001 |
|             I_DECODER                            |    <0.001 |
|         gpio_core_1                              |    <0.001 |
|           Not_Dual.INPUT_DOUBLE_REGS3            |    <0.001 |
|     classify_0                                   |     0.088 |
|       U0                                         |     0.088 |
|         W_U                                      |     0.005 |
|           classify_W_rom_U                       |     0.005 |
|         W_sm_U                                   |     0.001 |
|           classify_W_sm_rom_U                    |     0.001 |
|         b_sm_U                                   |    <0.001 |
|           classify_b_sm_rom_U                    |    <0.001 |
|         classify_NNIO_s_axi_U                    |     0.009 |
|           int_img                                |     0.005 |
|         classify_mac_mulacud_U1                  |     0.002 |
|           classify_mac_mulacud_DSP48_0_U         |     0.002 |
|         classify_mac_mulacud_U10                 |     0.002 |
|           classify_mac_mulacud_DSP48_0_U         |     0.002 |
|         classify_mac_mulacud_U11                 |     0.002 |
|           classify_mac_mulacud_DSP48_0_U         |     0.002 |
|         classify_mac_mulacud_U12                 |     0.002 |
|           classify_mac_mulacud_DSP48_0_U         |     0.002 |
|         classify_mac_mulacud_U13                 |     0.002 |
|           classify_mac_mulacud_DSP48_0_U         |     0.002 |
|         classify_mac_mulacud_U14                 |     0.002 |
|           classify_mac_mulacud_DSP48_0_U         |     0.002 |
|         classify_mac_mulacud_U15                 |     0.002 |
|           classify_mac_mulacud_DSP48_0_U         |     0.002 |
|         classify_mac_mulacud_U16                 |     0.003 |
|           classify_mac_mulacud_DSP48_0_U         |     0.003 |
|         classify_mac_mulacud_U17                 |     0.002 |
|           classify_mac_mulacud_DSP48_0_U         |     0.002 |
|         classify_mac_mulacud_U18                 |     0.002 |
|           classify_mac_mulacud_DSP48_0_U         |     0.002 |
|         classify_mac_mulacud_U19                 |     0.002 |
|           classify_mac_mulacud_DSP48_0_U         |     0.002 |
|         classify_mac_mulacud_U2                  |     0.002 |
|           classify_mac_mulacud_DSP48_0_U         |     0.002 |
|         classify_mac_mulacud_U20                 |     0.002 |
|           classify_mac_mulacud_DSP48_0_U         |     0.002 |
|         classify_mac_mulacud_U21                 |     0.002 |
|           classify_mac_mulacud_DSP48_0_U         |     0.002 |
|         classify_mac_mulacud_U22                 |     0.002 |
|           classify_mac_mulacud_DSP48_0_U         |     0.002 |
|         classify_mac_mulacud_U23                 |     0.002 |
|           classify_mac_mulacud_DSP48_0_U         |     0.002 |
|         classify_mac_mulacud_U24                 |     0.002 |
|           classify_mac_mulacud_DSP48_0_U         |     0.002 |
|         classify_mac_mulacud_U25                 |     0.002 |
|           classify_mac_mulacud_DSP48_0_U         |     0.002 |
|         classify_mac_mulacud_U26                 |     0.002 |
|           classify_mac_mulacud_DSP48_0_U         |     0.002 |
|         classify_mac_mulacud_U27                 |     0.002 |
|           classify_mac_mulacud_DSP48_0_U         |     0.002 |
|         classify_mac_mulacud_U28                 |     0.002 |
|           classify_mac_mulacud_DSP48_0_U         |     0.002 |
|         classify_mac_mulacud_U29                 |     0.002 |
|           classify_mac_mulacud_DSP48_0_U         |     0.002 |
|         classify_mac_mulacud_U3                  |     0.002 |
|           classify_mac_mulacud_DSP48_0_U         |     0.002 |
|         classify_mac_mulacud_U30                 |     0.002 |
|           classify_mac_mulacud_DSP48_0_U         |     0.002 |
|         classify_mac_mulacud_U31                 |     0.002 |
|           classify_mac_mulacud_DSP48_0_U         |     0.002 |
|         classify_mac_mulacud_U32                 |     0.002 |
|           classify_mac_mulacud_DSP48_0_U         |     0.002 |
|         classify_mac_mulacud_U4                  |     0.002 |
|           classify_mac_mulacud_DSP48_0_U         |     0.002 |
|         classify_mac_mulacud_U5                  |     0.002 |
|           classify_mac_mulacud_DSP48_0_U         |     0.002 |
|         classify_mac_mulacud_U6                  |     0.002 |
|           classify_mac_mulacud_DSP48_0_U         |     0.002 |
|         classify_mac_mulacud_U7                  |     0.002 |
|           classify_mac_mulacud_DSP48_0_U         |     0.002 |
|         classify_mac_mulacud_U8                  |     0.002 |
|           classify_mac_mulacud_DSP48_0_U         |     0.002 |
|         classify_mac_mulacud_U9                  |     0.002 |
|           classify_mac_mulacud_DSP48_0_U         |     0.002 |
|         grp_RELU_fu_1955                         |    <0.001 |
|         nn_weightsSoftMax_in_U                   |    <0.001 |
|           classify_nn_weighbkb_rom_U             |    <0.001 |
|         output_U                                 |     0.002 |
|           classify_output_ram_U                  |     0.002 |
|             ram_reg_0_15_0_0                     |    <0.001 |
|             ram_reg_0_15_10_10                   |    <0.001 |
|             ram_reg_0_15_11_11                   |    <0.001 |
|             ram_reg_0_15_12_12                   |    <0.001 |
|             ram_reg_0_15_13_13                   |    <0.001 |
|             ram_reg_0_15_14_14                   |    <0.001 |
|             ram_reg_0_15_15_15                   |    <0.001 |
|             ram_reg_0_15_16_16                   |    <0.001 |
|             ram_reg_0_15_17_17                   |    <0.001 |
|             ram_reg_0_15_18_18                   |    <0.001 |
|             ram_reg_0_15_19_19                   |    <0.001 |
|             ram_reg_0_15_1_1                     |    <0.001 |
|             ram_reg_0_15_20_20                   |    <0.001 |
|             ram_reg_0_15_21_21                   |    <0.001 |
|             ram_reg_0_15_22_22                   |    <0.001 |
|             ram_reg_0_15_23_23                   |    <0.001 |
|             ram_reg_0_15_24_24                   |    <0.001 |
|             ram_reg_0_15_25_25                   |    <0.001 |
|             ram_reg_0_15_26_26                   |    <0.001 |
|             ram_reg_0_15_27_27                   |    <0.001 |
|             ram_reg_0_15_28_28                   |    <0.001 |
|             ram_reg_0_15_29_29                   |    <0.001 |
|             ram_reg_0_15_2_2                     |    <0.001 |
|             ram_reg_0_15_30_30                   |    <0.001 |
|             ram_reg_0_15_31_31                   |    <0.001 |
|             ram_reg_0_15_3_3                     |    <0.001 |
|             ram_reg_0_15_4_4                     |    <0.001 |
|             ram_reg_0_15_5_5                     |    <0.001 |
|             ram_reg_0_15_6_6                     |    <0.001 |
|             ram_reg_0_15_7_7                     |    <0.001 |
|             ram_reg_0_15_8_8                     |    <0.001 |
|             ram_reg_0_15_9_9                     |    <0.001 |
|         tempOut_U                                |     0.005 |
|           classify_tempOut_ram_U                 |     0.005 |
|     led_ip                                       |    <0.001 |
|       U0                                         |    <0.001 |
|         led_ip_v1_0_S_AXI_inst                   |    <0.001 |
|     processing_system7_0                         |     1.510 |
|       inst                                       |     1.510 |
|     ps7_0_axi_periph                             |     0.005 |
|       s00_couplers                               |     0.004 |
|         auto_pc                                  |     0.004 |
|           inst                                   |     0.004 |
|             gen_axilite.gen_b2s_conv.axilite_b2s |     0.004 |
|               RD.ar_channel_0                    |    <0.001 |
|                 ar_cmd_fsm_0                     |    <0.001 |
|                 cmd_translator_0                 |    <0.001 |
|                   incr_cmd_0                     |    <0.001 |
|                   wrap_cmd_0                     |    <0.001 |
|               RD.r_channel_0                     |    <0.001 |
|                 rd_data_fifo_0                   |    <0.001 |
|                 transaction_fifo_0               |    <0.001 |
|               SI_REG                             |     0.002 |
|                 ar_pipe                          |    <0.001 |
|                 aw_pipe                          |    <0.001 |
|                 b_pipe                           |    <0.001 |
|                 r_pipe                           |    <0.001 |
|               WR.aw_channel_0                    |    <0.001 |
|                 aw_cmd_fsm_0                     |    <0.001 |
|                 cmd_translator_0                 |    <0.001 |
|                   incr_cmd_0                     |    <0.001 |
|                   wrap_cmd_0                     |    <0.001 |
|               WR.b_channel_0                     |    <0.001 |
|                 bid_fifo_0                       |    <0.001 |
|                 bresp_fifo_0                     |    <0.001 |
|       xbar                                       |    <0.001 |
|         inst                                     |    <0.001 |
|           gen_sasd.crossbar_sasd_0               |    <0.001 |
|             addr_arbiter_inst                    |    <0.001 |
|             gen_decerr.decerr_slave_inst         |    <0.001 |
|             reg_slice_r                          |    <0.001 |
|             splitter_ar                          |    <0.001 |
|             splitter_aw                          |    <0.001 |
|     rst_ps7_0_100M                               |    <0.001 |
|       U0                                         |    <0.001 |
|         EXT_LPF                                  |    <0.001 |
|           ACTIVE_LOW_EXT.ACT_LO_EXT              |    <0.001 |
|         SEQ                                      |    <0.001 |
|           SEQ_COUNTER                            |    <0.001 |
+--------------------------------------------------+-----------+


